#
# There is insufficient memory for the Java Runtime Environment to continue.
# Native memory allocation (malloc) failed to allocate 978736 bytes for Chunk::new
# Possible reasons:
#   The system is out of physical RAM or swap space
#   The process is running with CompressedOops enabled, and the Java Heap may be blocking the growth of the native heap
# Possible solutions:
#   Reduce memory load on the system
#   Increase physical memory or swap space
#   Check if swap backing store is full
#   Decrease Java heap size (-Xmx/-Xms)
#   Decrease number of Java threads
#   Decrease Java thread stack sizes (-Xss)
#   Set larger code cache with -XX:ReservedCodeCacheSize=
#   JVM is running with Unscaled Compressed Oops mode in which the Java heap is
#     placed in the first 4GB address space. The Java Heap base address is the
#     maximum limit for the native heap growth. Please use -XX:HeapBaseMinAddress
#     to set the Java Heap base and to place the Java Heap above 4GB virtual address.
# This output file may be truncated or incomplete.
#
#  Out of Memory Error (allocation.cpp:389), pid=2412, tid=0x0000000000003990
#
# JRE version: OpenJDK Runtime Environment (8.0_242-b01) (build 1.8.0_242-release-1644-b01)
# Java VM: OpenJDK 64-Bit Server VM (25.242-b01 mixed mode windows-amd64 compressed oops)
# Failed to write core dump. Minidumps are not enabled by default on client versions of Windows
#

---------------  T H R E A D  ---------------

Current thread (0x0000000019f0a000):  JavaThread "C2 CompilerThread2" daemon [_thread_in_native, id=14736, stack(0x000000001a9f0000,0x000000001aaf0000)]

Stack: [0x000000001a9f0000,0x000000001aaf0000]
[error occurred during error reporting (printing stack bounds), id 0xc0000005]

Native frames: (J=compiled Java code, j=interpreted, Vv=VM code, C=native code)


Current CompileTask:
C2:1225749 17313   !   4       com.sun.tools.javac.parser.JavaTokenizer::readToken (2243 bytes)


---------------  P R O C E S S  ---------------

Java Threads: ( => current thread )
  0x000000001cbdd800 JavaThread "Cache worker for Java compile cache (C:\Users\EMILIO\Desktop\trabajo-final-movil\Asignacion4\.gradle\6.1.1\javaCompile)" [_thread_blocked, id=16868, stack(0x000000002a620000,0x000000002a720000)]
  0x00000000242c5800 JavaThread "Cache worker for Java compile cache (C:\Users\EMILIO\.gradle\caches\6.1.1\javaCompile)" [_thread_blocked, id=11376, stack(0x000000002a120000,0x000000002a220000)]
  0x00000000242c4800 JavaThread "RMI RenewClean-[127.0.0.1:17560,org.jetbrains.kotlin.daemon.common.LoopbackNetworkInterface$ClientLoopbackSocketFactory@1652312]" daemon [_thread_blocked, id=17144, stack(0x000000001e040000,0x000000001e140000)]
  0x00000000242c3000 JavaThread "Cache worker for execution history cache (C:\Users\EMILIO\Desktop\trabajo-final-movil\Asignacion4\.gradle\6.1.1\executionHistory)" [_thread_blocked, id=9948, stack(0x000000002a020000,0x000000002a120000)]
  0x00000000242c4000 JavaThread "Execution worker for ':' Thread 7" [_thread_blocked, id=13948, stack(0x0000000029f20000,0x000000002a020000)]
  0x00000000242bb800 JavaThread "Execution worker for ':' Thread 6" [_thread_blocked, id=16828, stack(0x0000000029e20000,0x0000000029f20000)]
  0x00000000242c1800 JavaThread "Execution worker for ':' Thread 5" [_thread_blocked, id=1944, stack(0x0000000029d20000,0x0000000029e20000)]
  0x00000000242c1000 JavaThread "Execution worker for ':' Thread 4" [_thread_blocked, id=9668, stack(0x0000000029c20000,0x0000000029d20000)]
  0x00000000242c0000 JavaThread "Execution worker for ':' Thread 3" [_thread_in_native, id=10148, stack(0x00000000292d0000,0x00000000293d0000)]
  0x00000000242c2800 JavaThread "Execution worker for ':' Thread 2" [_thread_blocked, id=19628, stack(0x00000000291d0000,0x00000000292d0000)]
  0x00000000242bf800 JavaThread "Execution worker for ':'" [_thread_blocked, id=6024, stack(0x00000000290d0000,0x00000000291d0000)]
  0x00000000242be800 JavaThread "Cache worker for file content cache (C:\Users\EMILIO\Desktop\trabajo-final-movil\Asignacion4\.gradle\6.1.1\fileContent)" [_thread_blocked, id=2404, stack(0x0000000028fd0000,0x00000000290d0000)]
  0x00000000242b7000 JavaThread "Cache worker for Build Output Cleanup Cache (C:\Users\EMILIO\Desktop\trabajo-final-movil\Asignacion4\.gradle\buildOutputCleanup)" [_thread_blocked, id=16620, stack(0x0000000028ed0000,0x0000000028fd0000)]
  0x00000000242b6800 JavaThread "Build operations Thread 8" [_thread_blocked, id=1704, stack(0x0000000028dd0000,0x0000000028ed0000)]
  0x00000000242bd000 JavaThread "Build operations Thread 7" [_thread_blocked, id=15684, stack(0x00000000264e0000,0x00000000265e0000)]
  0x00000000242bb000 JavaThread "Build operations Thread 6" [_thread_blocked, id=17228, stack(0x0000000025390000,0x0000000025490000)]
  0x00000000242ba000 JavaThread "Build operations Thread 5" [_thread_blocked, id=17500, stack(0x0000000024c90000,0x0000000024d90000)]
  0x00000000242b9800 JavaThread "Build operations Thread 4" [_thread_blocked, id=13472, stack(0x0000000024b90000,0x0000000024c90000)]
  0x00000000242bc800 JavaThread "Build operations Thread 3" [_thread_blocked, id=5912, stack(0x0000000024a90000,0x0000000024b90000)]
  0x00000000218fa800 JavaThread "Build operations Thread 2" [_thread_blocked, id=11512, stack(0x0000000024990000,0x0000000024a90000)]
  0x00000000218f9800 JavaThread "Build operations" [_thread_blocked, id=11104, stack(0x0000000024890000,0x0000000024990000)]
  0x00000000218fc000 JavaThread "Cache worker for cache directory md-rule (C:\Users\EMILIO\.gradle\caches\6.1.1\md-rule)" [_thread_blocked, id=16604, stack(0x0000000024790000,0x0000000024890000)]
  0x00000000218f9000 JavaThread "Cache worker for cache directory md-supplier (C:\Users\EMILIO\.gradle\caches\6.1.1\md-supplier)" [_thread_blocked, id=5940, stack(0x0000000024690000,0x0000000024790000)]
  0x00000000218fd800 JavaThread "Cache worker for file hash cache (C:\Users\EMILIO\Desktop\trabajo-final-movil\Asignacion4\.gradle\6.1.1\fileHashes)" [_thread_blocked, id=18676, stack(0x0000000023510000,0x0000000023610000)]
  0x00000000218f0000 JavaThread "Cache worker for checksums cache (C:\Users\EMILIO\Desktop\trabajo-final-movil\Asignacion4\.gradle\checksums)" [_thread_blocked, id=9964, stack(0x00000000214e0000,0x00000000215e0000)]
  0x00000000218f3000 JavaThread "Thread-77" [_thread_blocked, id=6524, stack(0x00000000213e0000,0x00000000214e0000)]
  0x00000000218f6800 JavaThread "Stdin handler" [_thread_blocked, id=19136, stack(0x000000001e540000,0x000000001e640000)]
  0x00000000218f6000 JavaThread "Asynchronous log dispatcher for DefaultDaemonConnection: socket connection from /127.0.0.1:56346 to /127.0.0.1:56660" [_thread_blocked, id=5404, stack(0x000000001e440000,0x000000001e540000)]
  0x00000000218f2000 JavaThread "Cancel handler" [_thread_blocked, id=5224, stack(0x0000000001490000,0x0000000001590000)]
  0x00000000218f4800 JavaThread "Handler for socket connection from /127.0.0.1:56346 to /127.0.0.1:56660" [_thread_in_native, id=11880, stack(0x0000000001390000,0x0000000001490000)]
  0x0000000020f58000 JavaThread "RMI RenewClean-[127.0.0.1:17285,org.jetbrains.kotlin.daemon.common.LoopbackNetworkInterface$ClientLoopbackSocketFactory@1184db1c]" daemon [_thread_blocked, id=5332, stack(0x000000002b960000,0x000000002ba60000)]
  0x0000000020f59000 JavaThread "RMI TCP Connection(3)-127.0.0.1" daemon [_thread_in_native, id=10512, stack(0x000000002b160000,0x000000002b260000)]
  0x0000000020f57800 JavaThread "RMI Reaper" [_thread_blocked, id=10468, stack(0x000000002b060000,0x000000002b160000)]
  0x0000000020f55000 JavaThread "RMI TCP Accept-0" daemon [_thread_in_native, id=19328, stack(0x000000002af60000,0x000000002b060000)]
  0x0000000020f53000 JavaThread "GC Daemon" daemon [_thread_blocked, id=18328, stack(0x000000002aba0000,0x000000002aca0000)]
  0x0000000020f54800 JavaThread "RMI RenewClean-[127.0.0.1:17788,org.jetbrains.kotlin.daemon.common.LoopbackNetworkInterface$ClientLoopbackSocketFactory@e41f26e]" daemon [_thread_blocked, id=9556, stack(0x000000002aaa0000,0x000000002aba0000)]
  0x0000000020f53800 JavaThread "RMI Scheduler(0)" daemon [_thread_blocked, id=14984, stack(0x000000002a9a0000,0x000000002aaa0000)]
  0x00000000242b8800 JavaThread "Daemon worker Thread 2" [_thread_blocked, id=10816, stack(0x000000001df40000,0x000000001e040000)]
  0x00000000242b8000 JavaThread "Daemon Thread 2" [_thread_blocked, id=248, stack(0x0000000001290000,0x0000000001390000)]
  0x00000000218fb000 JavaThread "Cache worker for file content cache (C:\Users\EMILIO\.gradle\caches\6.1.1\fileContent)" [_thread_blocked, id=4772, stack(0x0000000025fb0000,0x00000000260b0000)]
  0x00000000218f8000 JavaThread "Memory manager" [_thread_blocked, id=17916, stack(0x0000000025690000,0x0000000025790000)]
  0x000000001cbd8800 JavaThread "Cache worker for execution history cache (C:\Users\EMILIO\.gradle\caches\6.1.1\executionHistory)" [_thread_blocked, id=14764, stack(0x0000000022810000,0x0000000022910000)]
  0x000000001cbda800 JavaThread "Cache worker for file hash cache (C:\Users\EMILIO\.gradle\caches\6.1.1\fileHashes)" [_thread_blocked, id=16612, stack(0x000000001ed40000,0x000000001ee40000)]
  0x000000001cbde800 JavaThread "File lock request listener" [_thread_in_native, id=5084, stack(0x000000001ec40000,0x000000001ed40000)]
  0x000000001af71800 JavaThread "Cache worker for journal cache (C:\Users\EMILIO\.gradle\caches\journal-1)" [_thread_blocked, id=6724, stack(0x000000001eb40000,0x000000001ec40000)]
  0x000000001c9ad000 JavaThread "Daemon periodic checks" [_thread_blocked, id=11556, stack(0x000000001de40000,0x000000001df40000)]
  0x000000001c962800 JavaThread "Incoming local TCP Connector on port 56346" [_thread_in_native, id=11844, stack(0x000000001dbd0000,0x000000001dcd0000)]
  0x000000001b0f0000 JavaThread "Daemon health stats" [_thread_blocked, id=18488, stack(0x000000001d590000,0x000000001d690000)]
  0x0000000019fa1800 JavaThread "Service Thread" daemon [_thread_blocked, id=5076, stack(0x000000001abf0000,0x000000001acf0000)]
  0x0000000019f13000 JavaThread "C1 CompilerThread3" daemon [_thread_blocked, id=20296, stack(0x000000001aaf0000,0x000000001abf0000)]
=>0x0000000019f0a000 JavaThread "C2 CompilerThread2" daemon [_thread_in_native, id=14736, stack(0x000000001a9f0000,0x000000001aaf0000)]
  0x0000000019f08800 JavaThread "C2 CompilerThread1" daemon [_thread_in_native, id=8480, stack(0x000000001a8f0000,0x000000001a9f0000)]
  0x0000000019f04800 JavaThread "C2 CompilerThread0" daemon [_thread_in_native, id=14492, stack(0x000000001a7f0000,0x000000001a8f0000)]
  0x0000000019f03800 JavaThread "Attach Listener" daemon [_thread_blocked, id=10380, stack(0x000000001a6f0000,0x000000001a7f0000)]
  0x0000000019f02800 JavaThread "Signal Dispatcher" daemon [_thread_blocked, id=18784, stack(0x000000001a5f0000,0x000000001a6f0000)]
  0x0000000003069800 JavaThread "Finalizer" daemon [_thread_blocked, id=14404, stack(0x000000001a3d0000,0x000000001a4d0000)]
  0x0000000019ef0800 JavaThread "Reference Handler" daemon [_thread_blocked, id=20360, stack(0x000000001a2d0000,0x000000001a3d0000)]
  0x0000000002f72800 JavaThread "main" [_thread_blocked, id=3468, stack(0x0000000002e70000,0x0000000002f70000)]

Other Threads:
  0x00000000180d6800 VMThread [stack: 0x0000000019dd0000,0x0000000019ed0000] [id=17616]
  0x0000000019fa2000 WatcherThread [stack: 0x000000001acf0000,0x000000001adf0000] [id=11112]

VM state:not at safepoint (normal execution)

VM Mutex/Monitor currently owned by a thread: None

heap address: 0x0000000080000000, size: 2048 MB, Compressed Oops mode: 32-bit
Narrow klass base: 0x0000000000000000, Narrow klass shift: 3
Compressed class space size: 1073741824 Address: 0x0000000100000000

Heap:
 PSYoungGen      total 386048K, used 187364K [0x00000000d5580000, 0x00000000efc00000, 0x0000000100000000)
  eden space 339456K, 47% used [0x00000000d5580000,0x00000000df39ff40,0x00000000ea100000)
  from space 46592K, 54% used [0x00000000ece80000,0x00000000ee75b3a0,0x00000000efc00000)
  to   space 46592K, 0% used [0x00000000ea100000,0x00000000ea100000,0x00000000ece80000)
 ParOldGen       total 213504K, used 86823K [0x0000000080000000, 0x000000008d080000, 0x00000000d5580000)
  object space 213504K, 40% used [0x0000000080000000,0x00000000854c9ea0,0x000000008d080000)
 Metaspace       used 97613K, capacity 102076K, committed 102680K, reserved 1138688K
  class space    used 12481K, capacity 13402K, committed 13608K, reserved 1048576K

Card table byte_map: [0x0000000012430000,0x0000000012840000] byte_map_base: 0x0000000012030000

Marking Bits: (ParMarkBitMap*) 0x0000000064a5f030
 Begin Bits: [0x00000000132f0000, 0x00000000152f0000)
 End Bits:   [0x00000000152f0000, 0x00000000172f0000)

Polling page: 0x0000000001090000

CodeCache: size=245760Kb used=47265Kb max_used=47277Kb free=198494Kb
 bounds [0x0000000003070000, 0x0000000005ee0000, 0x0000000012070000]
 total_blobs=14853 nmethods=13925 adapters=840
 compilation: enabled

Compilation events (10 events):
Event: 1225.713 Thread 0x0000000019f04800 nmethod 17314 0x0000000005eccf50 code [0x0000000005ecd180, 0x0000000005eceb70]
Event: 1225.713 Thread 0x0000000019f04800 17316       4       com.sun.tools.javac.parser.JavacParser::toP (9 bytes)
Event: 1225.719 Thread 0x0000000019f04800 nmethod 17316 0x0000000005ec9110 code [0x0000000005ec92a0, 0x0000000005ec96f8]
Event: 1225.720 Thread 0x0000000019f04800 17317       4       com.sun.tools.javac.parser.JavacParser::ident (313 bytes)
Event: 1225.725 Thread 0x0000000019f04800 nmethod 17317 0x0000000005ed0290 code [0x0000000005ed0420, 0x0000000005ed0828]
Event: 1225.725 Thread 0x0000000019f04800 17302       4       com.sun.tools.javac.code.Symbol::<init> (43 bytes)
Event: 1225.726 Thread 0x0000000019f04800 nmethod 17302 0x0000000005cb03d0 code [0x0000000005cb0500, 0x0000000005cb0598]
Event: 1225.726 Thread 0x0000000019f04800 17353 %     4       com.sun.tools.javac.util.Position$LineMapImpl::build @ 25 (128 bytes)
Event: 1225.733 Thread 0x0000000019f04800 nmethod 17353% 0x0000000005ecafd0 code [0x0000000005ecb140, 0x0000000005ecb738]
Event: 1225.733 Thread 0x0000000019f04800 17378       4       com.sun.tools.javac.util.UnsharedNameTable::fromUtf (232 bytes)

GC Heap History (10 events):
Event: 1119.571 GC heap before
{Heap before GC invocations=18 (full 3):
 PSYoungGen      total 292864K, used 287486K [0x00000000d5580000, 0x00000000ea980000, 0x0000000100000000)
  eden space 260608K, 100% used [0x00000000d5580000,0x00000000e5400000,0x00000000e5400000)
  from space 32256K, 83% used [0x00000000e7680000,0x00000000e90bf800,0x00000000e9600000)
  to   space 35328K, 0% used [0x00000000e5400000,0x00000000e5400000,0x00000000e7680000)
 ParOldGen       total 120832K, used 49204K [0x0000000080000000, 0x0000000087600000, 0x00000000d5580000)
  object space 120832K, 40% used [0x0000000080000000,0x000000008300d290,0x0000000087600000)
 Metaspace       used 80173K, capacity 84476K, committed 84632K, reserved 1122304K
  class space    used 10752K, capacity 11572K, committed 11688K, reserved 1048576K
Event: 1119.847 GC heap after
Heap after GC invocations=18 (full 3):
 PSYoungGen      total 295936K, used 35320K [0x00000000d5580000, 0x00000000edd00000, 0x0000000100000000)
  eden space 260608K, 0% used [0x00000000d5580000,0x00000000d5580000,0x00000000e5400000)
  from space 35328K, 99% used [0x00000000e5400000,0x00000000e767e0b0,0x00000000e7680000)
  to   space 43520K, 0% used [0x00000000eb280000,0x00000000eb280000,0x00000000edd00000)
 ParOldGen       total 120832K, used 56322K [0x0000000080000000, 0x0000000087600000, 0x00000000d5580000)
  object space 120832K, 46% used [0x0000000080000000,0x00000000837008f8,0x0000000087600000)
 Metaspace       used 80173K, capacity 84476K, committed 84632K, reserved 1122304K
  class space    used 10752K, capacity 11572K, committed 11688K, reserved 1048576K
}
Event: 1143.149 GC heap before
{Heap before GC invocations=19 (full 3):
 PSYoungGen      total 295936K, used 295928K [0x00000000d5580000, 0x00000000edd00000, 0x0000000100000000)
  eden space 260608K, 100% used [0x00000000d5580000,0x00000000e5400000,0x00000000e5400000)
  from space 35328K, 99% used [0x00000000e5400000,0x00000000e767e0b0,0x00000000e7680000)
  to   space 43520K, 0% used [0x00000000eb280000,0x00000000eb280000,0x00000000edd00000)
 ParOldGen       total 120832K, used 56322K [0x0000000080000000, 0x0000000087600000, 0x00000000d5580000)
  object space 120832K, 46% used [0x0000000080000000,0x00000000837008f8,0x0000000087600000)
 Metaspace       used 84746K, capacity 89300K, committed 89496K, reserved 1126400K
  class space    used 11322K, capacity 12186K, committed 12200K, reserved 1048576K
Event: 1143.180 GC heap after
Heap after GC invocations=19 (full 3):
 PSYoungGen      total 338944K, used 24404K [0x00000000d5580000, 0x00000000ed400000, 0x0000000100000000)
  eden space 304640K, 0% used [0x00000000d5580000,0x00000000d5580000,0x00000000e7f00000)
  from space 34304K, 71% used [0x00000000eb280000,0x00000000eca55140,0x00000000ed400000)
  to   space 43520K, 0% used [0x00000000e7f00000,0x00000000e7f00000,0x00000000ea980000)
 ParOldGen       total 120832K, used 73494K [0x0000000080000000, 0x0000000087600000, 0x00000000d5580000)
  object space 120832K, 60% used [0x0000000080000000,0x00000000847c5958,0x0000000087600000)
 Metaspace       used 84746K, capacity 89300K, committed 89496K, reserved 1126400K
  class space    used 11322K, capacity 12186K, committed 12200K, reserved 1048576K
}
Event: 1144.778 GC heap before
{Heap before GC invocations=20 (full 3):
 PSYoungGen      total 338944K, used 150569K [0x00000000d5580000, 0x00000000ed400000, 0x0000000100000000)
  eden space 304640K, 41% used [0x00000000d5580000,0x00000000dd0b5388,0x00000000e7f00000)
  from space 34304K, 71% used [0x00000000eb280000,0x00000000eca55140,0x00000000ed400000)
  to   space 43520K, 0% used [0x00000000e7f00000,0x00000000e7f00000,0x00000000ea980000)
 ParOldGen       total 120832K, used 73494K [0x0000000080000000, 0x0000000087600000, 0x00000000d5580000)
  object space 120832K, 60% used [0x0000000080000000,0x00000000847c5958,0x0000000087600000)
 Metaspace       used 93568K, capacity 98320K, committed 98584K, reserved 1134592K
  class space    used 12228K, capacity 13226K, committed 13352K, reserved 1048576K
Event: 1144.799 GC heap after
Heap after GC invocations=20 (full 3):
 PSYoungGen      total 348160K, used 34747K [0x00000000d5580000, 0x00000000efc80000, 0x0000000100000000)
  eden space 304640K, 0% used [0x00000000d5580000,0x00000000d5580000,0x00000000e7f00000)
  from space 43520K, 79% used [0x00000000e7f00000,0x00000000ea0eee40,0x00000000ea980000)
  to   space 47104K, 0% used [0x00000000ece80000,0x00000000ece80000,0x00000000efc80000)
 ParOldGen       total 120832K, used 73502K [0x0000000080000000, 0x0000000087600000, 0x00000000d5580000)
  object space 120832K, 60% used [0x0000000080000000,0x00000000847c7958,0x0000000087600000)
 Metaspace       used 93568K, capacity 98320K, committed 98584K, reserved 1134592K
  class space    used 12228K, capacity 13226K, committed 13352K, reserved 1048576K
}
Event: 1144.799 GC heap before
{Heap before GC invocations=21 (full 4):
 PSYoungGen      total 348160K, used 34747K [0x00000000d5580000, 0x00000000efc80000, 0x0000000100000000)
  eden space 304640K, 0% used [0x00000000d5580000,0x00000000d5580000,0x00000000e7f00000)
  from space 43520K, 79% used [0x00000000e7f00000,0x00000000ea0eee40,0x00000000ea980000)
  to   space 47104K, 0% used [0x00000000ece80000,0x00000000ece80000,0x00000000efc80000)
 ParOldGen       total 120832K, used 73502K [0x0000000080000000, 0x0000000087600000, 0x00000000d5580000)
  object space 120832K, 60% used [0x0000000080000000,0x00000000847c7958,0x0000000087600000)
 Metaspace       used 93568K, capacity 98320K, committed 98584K, reserved 1134592K
  class space    used 12228K, capacity 13226K, committed 13352K, reserved 1048576K
Event: 1145.163 GC heap after
Heap after GC invocations=21 (full 4):
 PSYoungGen      total 348160K, used 0K [0x00000000d5580000, 0x00000000efc80000, 0x0000000100000000)
  eden space 304640K, 0% used [0x00000000d5580000,0x00000000d5580000,0x00000000e7f00000)
  from space 43520K, 0% used [0x00000000e7f00000,0x00000000e7f00000,0x00000000ea980000)
  to   space 47104K, 0% used [0x00000000ece80000,0x00000000ece80000,0x00000000efc80000)
 ParOldGen       total 213504K, used 86815K [0x0000000080000000, 0x000000008d080000, 0x00000000d5580000)
  object space 213504K, 40% used [0x0000000080000000,0x00000000854c7ea0,0x000000008d080000)
 Metaspace       used 93210K, capacity 97306K, committed 98584K, reserved 1134592K
  class space    used 12113K, capacity 13021K, committed 13352K, reserved 1048576K
}
Event: 1196.863 GC heap before
{Heap before GC invocations=22 (full 4):
 PSYoungGen      total 348160K, used 304640K [0x00000000d5580000, 0x00000000efc80000, 0x0000000100000000)
  eden space 304640K, 100% used [0x00000000d5580000,0x00000000e7f00000,0x00000000e7f00000)
  from space 43520K, 0% used [0x00000000e7f00000,0x00000000e7f00000,0x00000000ea980000)
  to   space 47104K, 0% used [0x00000000ece80000,0x00000000ece80000,0x00000000efc80000)
 ParOldGen       total 213504K, used 86815K [0x0000000080000000, 0x000000008d080000, 0x00000000d5580000)
  object space 213504K, 40% used [0x0000000080000000,0x00000000854c7ea0,0x000000008d080000)
 Metaspace       used 96175K, capacity 100518K, committed 101400K, reserved 1136640K
  class space    used 12317K, capacity 13171K, committed 13352K, reserved 1048576K
Event: 1196.893 GC heap after
Heap after GC invocations=22 (full 4):
 PSYoungGen      total 386048K, used 25452K [0x00000000d5580000, 0x00000000efc00000, 0x0000000100000000)
  eden space 339456K, 0% used [0x00000000d5580000,0x00000000d5580000,0x00000000ea100000)
  from space 46592K, 54% used [0x00000000ece80000,0x00000000ee75b3a0,0x00000000efc00000)
  to   space 46592K, 0% used [0x00000000ea100000,0x00000000ea100000,0x00000000ece80000)
 ParOldGen       total 213504K, used 86823K [0x0000000080000000, 0x000000008d080000, 0x00000000d5580000)
  object space 213504K, 40% used [0x0000000080000000,0x00000000854c9ea0,0x000000008d080000)
 Metaspace       used 96175K, capacity 100518K, committed 101400K, reserved 1136640K
  class space    used 12317K, capacity 13171K, committed 13352K, reserved 1048576K
}

Deoptimization events (10 events):
Event: 1225.518 Thread 0x00000000242c0000 Uncommon trap: reason=unstable_if action=reinterpret pc=0x0000000005e41414 method=org.gradle.api.internal.tasks.compile.incremental.deps.DependentsSet.dependents(Ljava/util/Set;Ljava/util/Set;Ljava/util/Set;)Lorg/gradle/api/internal/tasks/compile/incremen
Event: 1225.582 Thread 0x00000000242c0000 Uncommon trap: reason=class_check action=maybe_recompile pc=0x000000000508d0a8 method=java.util.regex.Matcher.search(I)Z @ 86
Event: 1225.589 Thread 0x00000000242c0000 Uncommon trap: reason=class_check action=maybe_recompile pc=0x0000000003342988 method=java.util.regex.Matcher.search(I)Z @ 86
Event: 1225.609 Thread 0x00000000242c0000 Uncommon trap: reason=class_check action=maybe_recompile pc=0x00000000049c12d4 method=com.sun.tools.javac.parser.JavacParser.toP(Lcom/sun/tools/javac/tree/JCTree;)Lcom/sun/tools/javac/tree/JCTree; @ 5
Event: 1225.609 Thread 0x00000000242c0000 Uncommon trap: reason=class_check action=maybe_recompile pc=0x00000000049c12d4 method=com.sun.tools.javac.parser.JavacParser.toP(Lcom/sun/tools/javac/tree/JCTree;)Lcom/sun/tools/javac/tree/JCTree; @ 5
Event: 1225.609 Thread 0x00000000242c0000 Uncommon trap: reason=class_check action=maybe_recompile pc=0x00000000049c12d4 method=com.sun.tools.javac.parser.JavacParser.toP(Lcom/sun/tools/javac/tree/JCTree;)Lcom/sun/tools/javac/tree/JCTree; @ 5
Event: 1225.610 Thread 0x00000000242c0000 Uncommon trap: reason=class_check action=maybe_recompile pc=0x00000000049c12d4 method=com.sun.tools.javac.parser.JavacParser.toP(Lcom/sun/tools/javac/tree/JCTree;)Lcom/sun/tools/javac/tree/JCTree; @ 5
Event: 1225.680 Thread 0x00000000242c0000 Uncommon trap: reason=speculate_class_check action=maybe_recompile pc=0x0000000005e8ff98 method=com.sun.tools.javac.util.Name.append(CLcom/sun/tools/javac/util/Name;)Lcom/sun/tools/javac/util/Name; @ 1
Event: 1225.680 Thread 0x00000000242c0000 Uncommon trap: reason=speculate_class_check action=maybe_recompile pc=0x0000000005e8ff98 method=com.sun.tools.javac.util.Name.append(CLcom/sun/tools/javac/util/Name;)Lcom/sun/tools/javac/util/Name; @ 1
Event: 1225.680 Thread 0x00000000242c0000 Uncommon trap: reason=unstable_if action=reinterpret pc=0x0000000005ab5154 method=com.sun.tools.javac.file.Locations.lazy()V @ 4

Classes redefined (0 events):
No events

Internal exceptions (10 events):
Event: 1210.509 Thread 0x00000000242c4800 Exception <a 'java/lang/InterruptedException'> (0x00000000d7dc1f40) thrown at [C:\src\AOSP-openjdk-git\hotspot\src\share\vm\runtime\objectMonitor.cpp, line 1680]
Event: 1224.508 Thread 0x00000000242c0000 Exception <a 'sun/nio/fs/WindowsException'> (0x00000000d9890760) thrown at [C:\src\AOSP-openjdk-git\hotspot\src\share\vm\prims\jni.cpp, line 710]
Event: 1224.508 Thread 0x00000000242c0000 Exception <a 'sun/nio/fs/WindowsException'> (0x00000000d98913c8) thrown at [C:\src\AOSP-openjdk-git\hotspot\src\share\vm\prims\jni.cpp, line 710]
Event: 1224.508 Thread 0x00000000242c0000 Exception <a 'sun/nio/fs/WindowsException'> (0x00000000d98920d0) thrown at [C:\src\AOSP-openjdk-git\hotspot\src\share\vm\prims\jni.cpp, line 710]
Event: 1224.509 Thread 0x00000000242c0000 Exception <a 'sun/nio/fs/WindowsException'> (0x00000000d98982d8) thrown at [C:\src\AOSP-openjdk-git\hotspot\src\share\vm\prims\jni.cpp, line 710]
Event: 1224.509 Thread 0x00000000242c0000 Exception <a 'sun/nio/fs/WindowsException'> (0x00000000d9898f80) thrown at [C:\src\AOSP-openjdk-git\hotspot\src\share\vm\prims\jni.cpp, line 710]
Event: 1224.509 Thread 0x00000000242c0000 Exception <a 'sun/nio/fs/WindowsException'> (0x00000000d9899cc8) thrown at [C:\src\AOSP-openjdk-git\hotspot\src\share\vm\prims\jni.cpp, line 710]
Event: 1224.509 Thread 0x00000000242c0000 Exception <a 'sun/nio/fs/WindowsException'> (0x00000000d989bad8) thrown at [C:\src\AOSP-openjdk-git\hotspot\src\share\vm\prims\jni.cpp, line 710]
Event: 1224.509 Thread 0x00000000242c0000 Exception <a 'sun/nio/fs/WindowsException'> (0x00000000d989c790) thrown at [C:\src\AOSP-openjdk-git\hotspot\src\share\vm\prims\jni.cpp, line 710]
Event: 1224.509 Thread 0x00000000242c0000 Exception <a 'sun/nio/fs/WindowsException'> (0x00000000d989d4e8) thrown at [C:\src\AOSP-openjdk-git\hotspot\src\share\vm\prims\jni.cpp, line 710]

Events (10 events):
Event: 1225.625 Thread 0x0000000019f13000 flushing nmethod 0x00000000052ed610
Event: 1225.680 Thread 0x00000000242c0000 Uncommon trap: trap_request=0xffffff76 fr.pc=0x0000000005e8ff98
Event: 1225.680 Thread 0x00000000242c0000 DEOPT PACKING pc=0x0000000005e8ff98 sp=0x00000000293ca4f0
Event: 1225.680 Thread 0x00000000242c0000 DEOPT UNPACKING pc=0x00000000030b557b sp=0x00000000293ca478 mode 2
Event: 1225.680 Thread 0x00000000242c0000 Uncommon trap: trap_request=0xffffff76 fr.pc=0x0000000005e8ff98
Event: 1225.680 Thread 0x00000000242c0000 DEOPT PACKING pc=0x0000000005e8ff98 sp=0x00000000293ca650
Event: 1225.680 Thread 0x00000000242c0000 DEOPT UNPACKING pc=0x00000000030b557b sp=0x00000000293ca5d8 mode 2
Event: 1225.680 Thread 0x00000000242c0000 Uncommon trap: trap_request=0xffffff65 fr.pc=0x0000000005ab5154
Event: 1225.680 Thread 0x00000000242c0000 DEOPT PACKING pc=0x0000000005ab5154 sp=0x00000000293ca370
Event: 1225.680 Thread 0x00000000242c0000 DEOPT UNPACKING pc=0x00000000030b557b sp=0x00000000293ca300 mode 2


Dynamic libraries:
0x00007ff7ed740000 - 0x00007ff7ed771000 	C:\Program Files\Android\Android Studio1\jre\bin\java.exe
0x00007ffc67be0000 - 0x00007ffc67dd0000 	C:\WINDOWS\SYSTEM32\ntdll.dll
0x00007ffc66620000 - 0x00007ffc666d2000 	C:\WINDOWS\System32\KERNEL32.DLL
0x00007ffc64cf0000 - 0x00007ffc64f94000 	C:\WINDOWS\System32\KERNELBASE.dll
0x00007ffc66fb0000 - 0x00007ffc67053000 	C:\WINDOWS\System32\ADVAPI32.dll
0x00007ffc66750000 - 0x00007ffc667ee000 	C:\WINDOWS\System32\msvcrt.dll
0x00007ffc65c90000 - 0x00007ffc65d27000 	C:\WINDOWS\System32\sechost.dll
0x00007ffc668d0000 - 0x00007ffc669f0000 	C:\WINDOWS\System32\RPCRT4.dll
0x00007ffc66130000 - 0x00007ffc662c4000 	C:\WINDOWS\System32\USER32.dll
0x00007ffc652c0000 - 0x00007ffc652e1000 	C:\WINDOWS\System32\win32u.dll
0x00007ffc668a0000 - 0x00007ffc668c6000 	C:\WINDOWS\System32\GDI32.dll
0x00007ffc65af0000 - 0x00007ffc65c85000 	C:\WINDOWS\System32\gdi32full.dll
0x00007ffc64b70000 - 0x00007ffc64c0e000 	C:\WINDOWS\System32\msvcp_win.dll
0x00007ffc64fa0000 - 0x00007ffc6509a000 	C:\WINDOWS\System32\ucrtbase.dll
0x00007ffc4d2e0000 - 0x00007ffc4d564000 	C:\WINDOWS\WinSxS\amd64_microsoft.windows.common-controls_6595b64144ccf1df_6.0.18362.900_none_e6beb9d913147d17\COMCTL32.dll
0x00007ffc662e0000 - 0x00007ffc66615000 	C:\WINDOWS\System32\combase.dll
0x00007ffc65a70000 - 0x00007ffc65af0000 	C:\WINDOWS\System32\bcryptPrimitives.dll
0x00007ffc65da0000 - 0x00007ffc65dce000 	C:\WINDOWS\System32\IMM32.DLL
0x0000000063ef0000 - 0x0000000063fc2000 	C:\Program Files\Android\Android Studio1\jre\jre\bin\msvcr100.dll
0x0000000064290000 - 0x0000000064adb000 	C:\Program Files\Android\Android Studio1\jre\jre\bin\server\jvm.dll
0x00007ffc67a30000 - 0x00007ffc67a38000 	C:\WINDOWS\System32\PSAPI.DLL
0x00007ffc505c0000 - 0x00007ffc505c9000 	C:\WINDOWS\SYSTEM32\WSOCK32.dll
0x00007ffc61e30000 - 0x00007ffc61e54000 	C:\WINDOWS\SYSTEM32\WINMM.dll
0x00007ffc5dda0000 - 0x00007ffc5ddaa000 	C:\WINDOWS\SYSTEM32\VERSION.dll
0x00007ffc660c0000 - 0x00007ffc6612f000 	C:\WINDOWS\System32\WS2_32.dll
0x00007ffc61b90000 - 0x00007ffc61bbd000 	C:\WINDOWS\SYSTEM32\winmmbase.dll
0x00007ffc64c40000 - 0x00007ffc64c8a000 	C:\WINDOWS\System32\cfgmgr32.dll
0x00007ffc5ffd0000 - 0x00007ffc5ffdf000 	C:\Program Files\Android\Android Studio1\jre\jre\bin\verify.dll
0x00007ffc57d10000 - 0x00007ffc57d39000 	C:\Program Files\Android\Android Studio1\jre\jre\bin\java.dll
0x00007ffc580a0000 - 0x00007ffc580b6000 	C:\Program Files\Android\Android Studio1\jre\jre\bin\zip.dll
0x00007ffc67150000 - 0x00007ffc67836000 	C:\WINDOWS\System32\SHELL32.dll
0x00007ffc67980000 - 0x00007ffc67a29000 	C:\WINDOWS\System32\shcore.dll
0x00007ffc652f0000 - 0x00007ffc65a70000 	C:\WINDOWS\System32\windows.storage.dll
0x00007ffc64ad0000 - 0x00007ffc64af3000 	C:\WINDOWS\System32\profapi.dll
0x00007ffc64b20000 - 0x00007ffc64b6a000 	C:\WINDOWS\System32\powrprof.dll
0x00007ffc64aa0000 - 0x00007ffc64ab0000 	C:\WINDOWS\System32\UMPDC.dll
0x00007ffc66060000 - 0x00007ffc660b2000 	C:\WINDOWS\System32\shlwapi.dll
0x00007ffc64b00000 - 0x00007ffc64b11000 	C:\WINDOWS\System32\kernel.appcore.dll
0x00007ffc652a0000 - 0x00007ffc652b7000 	C:\WINDOWS\System32\cryptsp.dll
0x00007ffc57510000 - 0x00007ffc5752a000 	C:\Program Files\Android\Android Studio1\jre\jre\bin\net.dll
0x00007ffc642b0000 - 0x00007ffc64317000 	C:\WINDOWS\system32\mswsock.dll
0x00007ffc574f0000 - 0x00007ffc57503000 	C:\Program Files\Android\Android Studio1\jre\jre\bin\nio.dll
0x00007ffc61f50000 - 0x00007ffc61f76000 	C:\Users\EMILIO\.gradle\native\31\windows-amd64\native-platform.dll
0x00007ffc5d1b0000 - 0x00007ffc5d1bd000 	C:\Program Files\Android\Android Studio1\jre\jre\bin\management.dll
0x00007ffc63e20000 - 0x00007ffc63e53000 	C:\WINDOWS\system32\rsaenh.dll
0x00007ffc64c10000 - 0x00007ffc64c36000 	C:\WINDOWS\System32\bcrypt.dll
0x00007ffc64990000 - 0x00007ffc649b5000 	C:\WINDOWS\SYSTEM32\USERENV.dll
0x00007ffc64480000 - 0x00007ffc6448c000 	C:\WINDOWS\SYSTEM32\CRYPTBASE.dll
0x00007ffc63fc0000 - 0x00007ffc63ffa000 	C:\WINDOWS\SYSTEM32\IPHLPAPI.DLL
0x00007ffc662d0000 - 0x00007ffc662d8000 	C:\WINDOWS\System32\NSI.dll
0x00007ffc5dd80000 - 0x00007ffc5dd96000 	C:\WINDOWS\SYSTEM32\dhcpcsvc6.DLL
0x00007ffc5e490000 - 0x00007ffc5e4ac000 	C:\WINDOWS\SYSTEM32\dhcpcsvc.DLL
0x00007ffc64000000 - 0x00007ffc640cb000 	C:\WINDOWS\SYSTEM32\DNSAPI.dll
0x00007ffc56a90000 - 0x00007ffc56aae000 	C:\Users\EMILIO\AppData\Local\Temp\native-platform5264123956274616878dir\native-platform.dll
0x00007ffc569e0000 - 0x00007ffc56a04000 	C:\Program Files\Android\Android Studio1\jre\jre\bin\sunec.dll
0x00007ffc5f2e0000 - 0x00007ffc5f2eb000 	C:\Program Files\Android\Android Studio1\jre\jre\bin\sunmscapi.dll
0x00007ffc65150000 - 0x00007ffc65299000 	C:\WINDOWS\System32\CRYPT32.dll
0x00007ffc64ab0000 - 0x00007ffc64ac2000 	C:\WINDOWS\System32\MSASN1.dll
0x00007ffc5d690000 - 0x00007ffc5d69a000 	C:\Windows\System32\rasadhlp.dll
0x00007ffc5da50000 - 0x00007ffc5dac7000 	C:\WINDOWS\System32\fwpuclnt.dll

VM Arguments:
jvm_args: -Xmx2048m -Dfile.encoding=windows-1252 -Duser.country=PE -Duser.language=es -Duser.variant 
java_command: org.gradle.launcher.daemon.bootstrap.GradleDaemon 6.1.1
java_class_path (initial): C:\Users\EMILIO\.gradle\wrapper\dists\gradle-6.1.1-all\cfmwm155h49vnt3hynmlrsdst\gradle-6.1.1\lib\gradle-launcher-6.1.1.jar
Launcher Type: SUN_STANDARD

Environment Variables:
JAVA_HOME=C:\Program Files\Java\jdk1.8.0_181
USERNAME=EMILIO
OS=Windows_NT
PROCESSOR_IDENTIFIER=Intel64 Family 6 Model 142 Stepping 10, GenuineIntel



---------------  S Y S T E M  ---------------

OS: Windows 10.0 , 64 bit Build 18362 (10.0.18362.900)

CPU:total 8 (initial active 8) (4 cores per cpu, 2 threads per core) family 6 model 142 stepping 10, cmov, cx8, fxsr, mmx, sse, sse2, sse3, ssse3, sse4.1, sse4.2, popcnt, avx, avx2, aes, clmul, erms, 3dnowpref, lzcnt, ht, tsc, tscinvbit, bmi1, bmi2, adx

Memory: 4k page, physical 6171600k(411740k free), swap 25045968k(3124k free)

vm_info: OpenJDK 64-Bit Server VM (25.242-b01) for windows-amd64 JRE (1.8.0_242-release-1644-b01), built by "builder" with MS VC++ 10.0 (VS2010)

time: Wed Jul 08 15:47:17 2020
timezone: Hora est. Pacífico, Sudamérica
elapsed time: 1225 seconds (0d 0h 20m 25s)

