#
# There is insufficient memory for the Java Runtime Environment to continue.
# Native memory allocation (malloc) failed to allocate 1062896 bytes for Chunk::new
# Possible reasons:
#   The system is out of physical RAM or swap space
#   The process is running with CompressedOops enabled, and the Java Heap may be blocking the growth of the native heap
# Possible solutions:
#   Reduce memory load on the system
#   Increase physical memory or swap space
#   Check if swap backing store is full
#   Decrease Java heap size (-Xmx/-Xms)
#   Decrease number of Java threads
#   Decrease Java thread stack sizes (-Xss)
#   Set larger code cache with -XX:ReservedCodeCacheSize=
#   JVM is running with Unscaled Compressed Oops mode in which the Java heap is
#     placed in the first 4GB address space. The Java Heap base address is the
#     maximum limit for the native heap growth. Please use -XX:HeapBaseMinAddress
#     to set the Java Heap base and to place the Java Heap above 4GB virtual address.
# This output file may be truncated or incomplete.
#
#  Out of Memory Error (allocation.cpp:389), pid=11300, tid=0x0000000000003164
#
# JRE version: OpenJDK Runtime Environment (8.0_242-b01) (build 1.8.0_242-release-1644-b01)
# Java VM: OpenJDK 64-Bit Server VM (25.242-b01 mixed mode windows-amd64 compressed oops)
# Failed to write core dump. Minidumps are not enabled by default on client versions of Windows
#

---------------  T H R E A D  ---------------

Current thread (0x00000000196c3000):  JavaThread "C2 CompilerThread0" daemon [_thread_in_native, id=12644, stack(0x0000000019fb0000,0x000000001a0b0000)]

Stack: [0x0000000019fb0000,0x000000001a0b0000]
[error occurred during error reporting (printing stack bounds), id 0xc0000005]

Native frames: (J=compiled Java code, j=interpreted, Vv=VM code, C=native code)


Current CompileTask:
C2:  80720 14411 %     4       org.objectweb.asm.ClassReader::accept @ 97 (1250 bytes)


---------------  P R O C E S S  ---------------

Java Threads: ( => current thread )
  0x0000000020474000 JavaThread "ForkJoinPool.commonPool-worker-7" daemon [_thread_in_native, id=4656, stack(0x000000002a860000,0x000000002a960000)]
  0x0000000020478000 JavaThread "ForkJoinPool.commonPool-worker-6" daemon [_thread_in_native, id=18764, stack(0x000000002a760000,0x000000002a860000)]
  0x000000002046f800 JavaThread "ForkJoinPool.commonPool-worker-5" daemon [_thread_in_native, id=11176, stack(0x000000002a660000,0x000000002a760000)]
  0x0000000020473800 JavaThread "ForkJoinPool.commonPool-worker-4" daemon [_thread_in_vm, id=8920, stack(0x000000002a560000,0x000000002a660000)]
  0x000000002046f000 JavaThread "ForkJoinPool.commonPool-worker-3" daemon [_thread_in_native, id=4720, stack(0x000000002a460000,0x000000002a560000)]
  0x0000000020472800 JavaThread "ForkJoinPool.commonPool-worker-2" daemon [_thread_in_native, id=16592, stack(0x0000000029400000,0x0000000029500000)]
  0x000000002046b000 JavaThread "ForkJoinPool.commonPool-worker-1" daemon [_thread_in_native, id=15052, stack(0x00000000009d0000,0x0000000000ad0000)]
  0x000000002046d800 JavaThread "Cache worker for Java compile cache (C:\Users\EMILIO\Desktop\trabajo-final-movil\Asignacion4\.gradle\6.1.1\javaCompile)" [_thread_blocked, id=14100, stack(0x000000002a360000,0x000000002a460000)]
  0x0000000020470800 JavaThread "Cache worker for Java compile cache (C:\Users\EMILIO\.gradle\caches\6.1.1\javaCompile)" [_thread_blocked, id=6796, stack(0x0000000029610000,0x0000000029710000)]
  0x0000000020472000 JavaThread "RMI TCP Connection(2)-127.0.0.1" daemon [_thread_in_native, id=7620, stack(0x000000001df00000,0x000000001e000000)]
  0x000000002046c000 JavaThread "WorkerExecutor Queue Thread 3" [_thread_blocked, id=20064, stack(0x0000000029510000,0x0000000029610000)]
  0x000000002046e000 JavaThread "RMI TCP Connection(idle)" daemon [_thread_blocked, id=18456, stack(0x0000000029300000,0x0000000029400000)]
  0x000000002046a800 JavaThread "RMI Reaper" [_thread_blocked, id=19924, stack(0x0000000029200000,0x0000000029300000)]
  0x00000000196de000 JavaThread "RMI TCP Accept-0" daemon [_thread_in_native, id=16380, stack(0x0000000029100000,0x0000000029200000)]
  0x0000000025c21800 JavaThread "GC Daemon" daemon [_thread_blocked, id=19344, stack(0x0000000029000000,0x0000000029100000)]
  0x0000000025c27800 JavaThread "RMI Scheduler(0)" daemon [_thread_blocked, id=1184, stack(0x0000000028e00000,0x0000000028f00000)]
  0x0000000025c25000 JavaThread "WorkerExecutor Queue Thread 2" [_thread_blocked, id=13652, stack(0x0000000028900000,0x0000000028a00000)]
  0x0000000025c24800 JavaThread "stdout" [_thread_in_native, id=10036, stack(0x0000000028600000,0x0000000028700000)]
  0x0000000025c22000 JavaThread "stderr" [_thread_in_native, id=16580, stack(0x0000000028500000,0x0000000028600000)]
  0x0000000025c23800 JavaThread "pool-2-thread-1" [_thread_blocked, id=17700, stack(0x0000000028400000,0x0000000028500000)]
  0x0000000025c20000 JavaThread "Cache worker for execution history cache (C:\Users\EMILIO\Desktop\trabajo-final-movil\Asignacion4\.gradle\6.1.1\executionHistory)" [_thread_blocked, id=18568, stack(0x0000000027f00000,0x0000000028000000)]
  0x0000000025c1b800 JavaThread "Execution worker for ':' Thread 7" [_thread_blocked, id=17924, stack(0x0000000027c00000,0x0000000027d00000)]
  0x0000000025c1e800 JavaThread "Execution worker for ':' Thread 6" [_thread_blocked, id=19524, stack(0x0000000027b00000,0x0000000027c00000)]
  0x0000000025c1d800 JavaThread "Execution worker for ':' Thread 5" [_thread_blocked, id=12264, stack(0x0000000027a00000,0x0000000027b00000)]
  0x0000000025c1d000 JavaThread "Execution worker for ':' Thread 4" [_thread_blocked, id=2848, stack(0x0000000027900000,0x0000000027a00000)]
  0x0000000025c1a800 JavaThread "Execution worker for ':' Thread 3" [_thread_blocked, id=10264, stack(0x0000000027800000,0x0000000027900000)]
  0x0000000025c1f000 JavaThread "Execution worker for ':' Thread 2" [_thread_blocked, id=12320, stack(0x0000000027700000,0x0000000027800000)]
  0x000000001fe27800 JavaThread "Execution worker for ':'" [_thread_blocked, id=2136, stack(0x0000000027600000,0x0000000027700000)]
  0x000000001fe25800 JavaThread "Cache worker for file content cache (C:\Users\EMILIO\Desktop\trabajo-final-movil\Asignacion4\.gradle\6.1.1\fileContent)" [_thread_blocked, id=9680, stack(0x0000000026e60000,0x0000000026f60000)]
  0x000000001fe2a000 JavaThread "Cache worker for file content cache (C:\Users\EMILIO\.gradle\caches\6.1.1\fileContent)" [_thread_blocked, id=7232, stack(0x0000000026d60000,0x0000000026e60000)]
  0x000000001fe27000 JavaThread "Memory manager" [_thread_blocked, id=13708, stack(0x0000000025a40000,0x0000000025b40000)]
  0x000000001fe23000 JavaThread "Cache worker for Build Output Cleanup Cache (C:\Users\EMILIO\Desktop\trabajo-final-movil\Asignacion4\.gradle\buildOutputCleanup)" [_thread_blocked, id=17428, stack(0x0000000024d40000,0x0000000024e40000)]
  0x000000001fe29000 JavaThread "Build operations Thread 8" [_thread_blocked, id=20072, stack(0x0000000024640000,0x0000000024740000)]
  0x000000001fe24000 JavaThread "Build operations Thread 7" [_thread_blocked, id=5364, stack(0x0000000024540000,0x0000000024640000)]
  0x000000001fe1d000 JavaThread "Build operations Thread 6" [_thread_blocked, id=12024, stack(0x0000000024440000,0x0000000024540000)]
  0x000000001fe1b800 JavaThread "Build operations Thread 5" [_thread_blocked, id=9284, stack(0x0000000023290000,0x0000000023390000)]
  0x000000001fe1f800 JavaThread "Build operations Thread 4" [_thread_blocked, id=8432, stack(0x0000000023190000,0x0000000023290000)]
  0x000000001fe22800 JavaThread "Build operations Thread 3" [_thread_blocked, id=14096, stack(0x0000000022e80000,0x0000000022f80000)]
  0x000000001fe1b000 JavaThread "Build operations Thread 2" [_thread_blocked, id=6032, stack(0x0000000022d80000,0x0000000022e80000)]
  0x000000001fe21800 JavaThread "Build operations" [_thread_blocked, id=6264, stack(0x0000000022c80000,0x0000000022d80000)]
  0x00000000196dd800 JavaThread "Cache worker for execution history cache (C:\Users\EMILIO\.gradle\caches\6.1.1\executionHistory)" [_thread_blocked, id=12564, stack(0x00000000210c0000,0x00000000211c0000)]
  0x00000000196dc800 JavaThread "Cache worker for cache directory md-rule (C:\Users\EMILIO\.gradle\caches\6.1.1\md-rule)" [_thread_blocked, id=17284, stack(0x0000000020fc0000,0x00000000210c0000)]
  0x00000000196db000 JavaThread "Cache worker for cache directory md-supplier (C:\Users\EMILIO\.gradle\caches\6.1.1\md-supplier)" [_thread_blocked, id=1772, stack(0x00000000209f0000,0x0000000020af0000)]
  0x00000000196da800 JavaThread "Cache worker for file hash cache (C:\Users\EMILIO\Desktop\trabajo-final-movil\Asignacion4\.gradle\6.1.1\fileHashes)" [_thread_blocked, id=1000, stack(0x000000001f6d0000,0x000000001f7d0000)]
  0x00000000196d8000 JavaThread "Cache worker for checksums cache (C:\Users\EMILIO\Desktop\trabajo-final-movil\Asignacion4\.gradle\checksums)" [_thread_blocked, id=8696, stack(0x000000001f5d0000,0x000000001f6d0000)]
  0x00000000196dc000 JavaThread "Cache worker for file hash cache (C:\Users\EMILIO\.gradle\caches\6.1.1\fileHashes)" [_thread_blocked, id=8048, stack(0x000000001e500000,0x000000001e600000)]
  0x00000000196d9000 JavaThread "File lock request listener" [_thread_in_native, id=16788, stack(0x000000001e400000,0x000000001e500000)]
  0x000000001c3b8800 JavaThread "Cache worker for journal cache (C:\Users\EMILIO\.gradle\caches\journal-1)" [_thread_blocked, id=15356, stack(0x000000001e300000,0x000000001e400000)]
  0x000000001c1b8000 JavaThread "Thread-9" [_thread_blocked, id=20436, stack(0x000000001e000000,0x000000001e100000)]
  0x000000001c1b4000 JavaThread "Asynchronous log dispatcher for DefaultDaemonConnection: socket connection from /127.0.0.1:56229 to /127.0.0.1:56230" [_thread_blocked, id=9200, stack(0x000000001dd00000,0x000000001de00000)]
  0x000000001c1af000 JavaThread "Daemon worker" [_thread_blocked, id=11828, stack(0x000000001dc00000,0x000000001dd00000)]
  0x000000001c1b2800 JavaThread "Cancel handler" [_thread_blocked, id=14076, stack(0x000000001db00000,0x000000001dc00000)]
  0x000000001c180800 JavaThread "Handler for socket connection from /127.0.0.1:56229 to /127.0.0.1:56230" [_thread_in_native, id=9372, stack(0x000000001d800000,0x000000001d900000)]
  0x000000001c16f800 JavaThread "Daemon" [_thread_blocked, id=1524, stack(0x000000001d700000,0x000000001d800000)]
  0x000000001c104000 JavaThread "Daemon periodic checks" [_thread_blocked, id=12300, stack(0x000000001d600000,0x000000001d700000)]
  0x000000001c103800 JavaThread "Incoming local TCP Connector on port 56229" [_thread_in_native, id=11676, stack(0x000000001d390000,0x000000001d490000)]
  0x000000001a70e800 JavaThread "Daemon health stats" [_thread_blocked, id=12172, stack(0x000000001cd50000,0x000000001ce50000)]
  0x0000000019770800 JavaThread "Service Thread" daemon [_thread_blocked, id=6232, stack(0x000000001a3b0000,0x000000001a4b0000)]
  0x00000000196d9800 JavaThread "C1 CompilerThread3" daemon [_thread_blocked, id=19888, stack(0x000000001a2b0000,0x000000001a3b0000)]
  0x00000000196df000 JavaThread "C2 CompilerThread2" daemon [_thread_blocked, id=15924, stack(0x000000001a1b0000,0x000000001a2b0000)]
  0x00000000196ca000 JavaThread "C2 CompilerThread1" daemon [_thread_blocked, id=9736, stack(0x000000001a0b0000,0x000000001a1b0000)]
=>0x00000000196c3000 JavaThread "C2 CompilerThread0" daemon [_thread_in_native, id=12644, stack(0x0000000019fb0000,0x000000001a0b0000)]
  0x00000000196c1800 JavaThread "Attach Listener" daemon [_thread_blocked, id=15712, stack(0x0000000019eb0000,0x0000000019fb0000)]
  0x00000000196c0800 JavaThread "Signal Dispatcher" daemon [_thread_blocked, id=12312, stack(0x0000000019db0000,0x0000000019eb0000)]
  0x00000000196b1000 JavaThread "Finalizer" daemon [_thread_blocked, id=7848, stack(0x0000000019b90000,0x0000000019c90000)]
  0x00000000196b0800 JavaThread "Reference Handler" daemon [_thread_blocked, id=15416, stack(0x0000000019a90000,0x0000000019b90000)]
  0x0000000002762800 JavaThread "main" [_thread_blocked, id=15008, stack(0x0000000002660000,0x0000000002760000)]

Other Threads:
  0x00000000178c5800 VMThread [stack: 0x0000000019590000,0x0000000019690000] [id=636]
  0x0000000019771000 WatcherThread [stack: 0x000000001a4b0000,0x000000001a5b0000] [id=12232]

VM state:not at safepoint (normal execution)

VM Mutex/Monitor currently owned by a thread: None

heap address: 0x0000000080000000, size: 2048 MB, Compressed Oops mode: 32-bit
Narrow klass base: 0x0000000000000000, Narrow klass shift: 3
Compressed class space size: 1073741824 Address: 0x0000000100000000

Heap:
 PSYoungGen      total 278528K, used 30475K [0x00000000d5580000, 0x00000000efd00000, 0x0000000100000000)
  eden space 239616K, 10% used [0x00000000d5580000,0x00000000d6e4b738,0x00000000e3f80000)
  from space 38912K, 13% used [0x00000000e7d00000,0x00000000e81f78a0,0x00000000ea300000)
  to   space 62976K, 0% used [0x00000000e3f80000,0x00000000e3f80000,0x00000000e7d00000)
 ParOldGen       total 119296K, used 119129K [0x0000000080000000, 0x0000000087480000, 0x00000000d5580000)
  object space 119296K, 99% used [0x0000000080000000,0x0000000087456658,0x0000000087480000)
 Metaspace       used 90668K, capacity 94246K, committed 94760K, reserved 1132544K
  class space    used 11738K, capacity 12495K, committed 12584K, reserved 1048576K

Card table byte_map: [0x0000000011c20000,0x0000000012030000] byte_map_base: 0x0000000011820000

Marking Bits: (ParMarkBitMap*) 0x0000000064a5f030
 Begin Bits: [0x0000000012ae0000, 0x0000000014ae0000)
 End Bits:   [0x0000000014ae0000, 0x0000000016ae0000)

Polling page: 0x00000000008a0000

CodeCache: size=245760Kb used=40959Kb max_used=41000Kb free=204800Kb
 bounds [0x0000000002860000, 0x00000000050b0000, 0x0000000011860000]
 total_blobs=12820 nmethods=11885 adapters=847
 compilation: enabled

Compilation events (10 events):
Event: 78.852 Thread 0x00000000196ca000 nmethod 14412 0x000000000502dc90 code [0x000000000502dde0, 0x000000000502e0f8]
Event: 80.651 Thread 0x00000000196d9800 14413   !   3       java.nio.file.FileTreeWalker::next (144 bytes)
Event: 80.654 Thread 0x00000000196ca000 14414   !   4       java.lang.ref.Reference::tryHandlePending (115 bytes)
Event: 80.655 Thread 0x00000000196d9800 nmethod 14413 0x0000000005038110 code [0x0000000005038380, 0x00000000050392f8]
Event: 80.664 Thread 0x00000000196df000 nmethod 14407 0x0000000005094990 code [0x0000000005095660, 0x000000000509e298]
Event: 80.674 Thread 0x00000000196ca000 nmethod 14414 0x000000000505fc50 code [0x000000000505fe00, 0x0000000005060770]
Event: 80.677 Thread 0x00000000196d9800 14415       3       org.objectweb.asm.MethodVisitor::visitTableSwitchInsn (20 bytes)
Event: 80.678 Thread 0x00000000196d9800 nmethod 14415 0x0000000002a25650 code [0x0000000002a257c0, 0x0000000002a25a28]
Event: 80.698 Thread 0x00000000196ca000 14416       4       org.objectweb.asm.ClassVisitor::<init> (47 bytes)
Event: 80.700 Thread 0x00000000196ca000 nmethod 14416 0x0000000002c24790 code [0x0000000002c248c0, 0x0000000002c249b8]

GC Heap History (10 events):
Event: 39.483 GC heap before
{Heap before GC invocations=16 (full 3):
 PSYoungGen      total 251392K, used 251374K [0x00000000d5580000, 0x00000000e6f00000, 0x0000000100000000)
  eden space 223744K, 100% used [0x00000000d5580000,0x00000000e3000000,0x00000000e3000000)
  from space 27648K, 99% used [0x00000000e5080000,0x00000000e6b7bbe0,0x00000000e6b80000)
  to   space 32256K, 0% used [0x00000000e3000000,0x00000000e3000000,0x00000000e4f80000)
 ParOldGen       total 119296K, used 39895K [0x0000000080000000, 0x0000000087480000, 0x00000000d5580000)
  object space 119296K, 33% used [0x0000000080000000,0x00000000826f5e28,0x0000000087480000)
 Metaspace       used 73866K, capacity 77146K, committed 77352K, reserved 1116160K
  class space    used 10006K, capacity 10699K, committed 10792K, reserved 1048576K
Event: 39.512 GC heap after
Heap after GC invocations=16 (full 3):
 PSYoungGen      total 256000K, used 32243K [0x00000000d5580000, 0x00000000ea300000, 0x0000000100000000)
  eden space 223744K, 0% used [0x00000000d5580000,0x00000000d5580000,0x00000000e3000000)
  from space 32256K, 99% used [0x00000000e3000000,0x00000000e4f7cf28,0x00000000e4f80000)
  to   space 38912K, 0% used [0x00000000e7d00000,0x00000000e7d00000,0x00000000ea300000)
 ParOldGen       total 119296K, used 45011K [0x0000000080000000, 0x0000000087480000, 0x00000000d5580000)
  object space 119296K, 37% used [0x0000000080000000,0x0000000082bf4f38,0x0000000087480000)
 Metaspace       used 73866K, capacity 77146K, committed 77352K, reserved 1116160K
  class space    used 10006K, capacity 10699K, committed 10792K, reserved 1048576K
}
Event: 58.990 GC heap before
{Heap before GC invocations=17 (full 3):
 PSYoungGen      total 256000K, used 255987K [0x00000000d5580000, 0x00000000ea300000, 0x0000000100000000)
  eden space 223744K, 100% used [0x00000000d5580000,0x00000000e3000000,0x00000000e3000000)
  from space 32256K, 99% used [0x00000000e3000000,0x00000000e4f7cf28,0x00000000e4f80000)
  to   space 38912K, 0% used [0x00000000e7d00000,0x00000000e7d00000,0x00000000ea300000)
 ParOldGen       total 119296K, used 45011K [0x0000000080000000, 0x0000000087480000, 0x00000000d5580000)
  object space 119296K, 37% used [0x0000000080000000,0x0000000082bf4f38,0x0000000087480000)
 Metaspace       used 83062K, capacity 86516K, committed 86952K, reserved 1124352K
  class space    used 11091K, capacity 11827K, committed 11944K, reserved 1048576K
Event: 59.072 GC heap after
Heap after GC invocations=17 (full 3):
 PSYoungGen      total 300544K, used 24765K [0x00000000d5580000, 0x00000000ea400000, 0x0000000100000000)
  eden space 261632K, 0% used [0x00000000d5580000,0x00000000d5580000,0x00000000e5500000)
  from space 38912K, 63% used [0x00000000e7d00000,0x00000000e952f728,0x00000000ea300000)
  to   space 40448K, 0% used [0x00000000e5500000,0x00000000e5500000,0x00000000e7c80000)
 ParOldGen       total 119296K, used 70539K [0x0000000080000000, 0x0000000087480000, 0x00000000d5580000)
  object space 119296K, 59% used [0x0000000080000000,0x00000000844e2fd0,0x0000000087480000)
 Metaspace       used 83062K, capacity 86516K, committed 86952K, reserved 1124352K
  class space    used 11091K, capacity 11827K, committed 11944K, reserved 1048576K
}
Event: 71.284 GC heap before
{Heap before GC invocations=18 (full 3):
 PSYoungGen      total 300544K, used 286397K [0x00000000d5580000, 0x00000000ea400000, 0x0000000100000000)
  eden space 261632K, 100% used [0x00000000d5580000,0x00000000e5500000,0x00000000e5500000)
  from space 38912K, 63% used [0x00000000e7d00000,0x00000000e952f728,0x00000000ea300000)
  to   space 40448K, 0% used [0x00000000e5500000,0x00000000e5500000,0x00000000e7c80000)
 ParOldGen       total 119296K, used 70539K [0x0000000080000000, 0x0000000087480000, 0x00000000d5580000)
  object space 119296K, 59% used [0x0000000080000000,0x00000000844e2fd0,0x0000000087480000)
 Metaspace       used 88733K, capacity 92346K, committed 92712K, reserved 1130496K
  class space    used 11561K, capacity 12303K, committed 12328K, reserved 1048576K
Event: 71.356 GC heap after
Heap after GC invocations=18 (full 3):
 PSYoungGen      total 302080K, used 40424K [0x00000000d5580000, 0x00000000ea400000, 0x0000000100000000)
  eden space 261632K, 0% used [0x00000000d5580000,0x00000000d5580000,0x00000000e5500000)
  from space 40448K, 99% used [0x00000000e5500000,0x00000000e7c7a028,0x00000000e7c80000)
  to   space 38912K, 0% used [0x00000000e7d00000,0x00000000e7d00000,0x00000000ea300000)
 ParOldGen       total 119296K, used 70963K [0x0000000080000000, 0x0000000087480000, 0x00000000d5580000)
  object space 119296K, 59% used [0x0000000080000000,0x000000008454cf50,0x0000000087480000)
 Metaspace       used 88733K, capacity 92346K, committed 92712K, reserved 1130496K
  class space    used 11561K, capacity 12303K, committed 12328K, reserved 1048576K
}
Event: 78.889 GC heap before
{Heap before GC invocations=19 (full 3):
 PSYoungGen      total 302080K, used 302056K [0x00000000d5580000, 0x00000000ea400000, 0x0000000100000000)
  eden space 261632K, 100% used [0x00000000d5580000,0x00000000e5500000,0x00000000e5500000)
  from space 40448K, 99% used [0x00000000e5500000,0x00000000e7c7a028,0x00000000e7c80000)
  to   space 38912K, 0% used [0x00000000e7d00000,0x00000000e7d00000,0x00000000ea300000)
 ParOldGen       total 119296K, used 70963K [0x0000000080000000, 0x0000000087480000, 0x00000000d5580000)
  object space 119296K, 59% used [0x0000000080000000,0x000000008454cf50,0x0000000087480000)
 Metaspace       used 90739K, capacity 94460K, committed 94760K, reserved 1132544K
  class space    used 11761K, capacity 12536K, committed 12584K, reserved 1048576K
Event: 78.934 GC heap after
Heap after GC invocations=19 (full 3):
 PSYoungGen      total 278528K, used 38887K [0x00000000d5580000, 0x00000000efd00000, 0x0000000100000000)
  eden space 239616K, 0% used [0x00000000d5580000,0x00000000d5580000,0x00000000e3f80000)
  from space 38912K, 99% used [0x00000000e7d00000,0x00000000ea2f9e40,0x00000000ea300000)
  to   space 62976K, 0% used [0x00000000e3f80000,0x00000000e3f80000,0x00000000e7d00000)
 ParOldGen       total 119296K, used 102243K [0x0000000080000000, 0x0000000087480000, 0x00000000d5580000)
  object space 119296K, 85% used [0x0000000080000000,0x00000000863d8ee0,0x0000000087480000)
 Metaspace       used 90739K, capacity 94460K, committed 94760K, reserved 1132544K
  class space    used 11761K, capacity 12536K, committed 12584K, reserved 1048576K
}
Event: 78.934 GC heap before
{Heap before GC invocations=20 (full 4):
 PSYoungGen      total 278528K, used 38887K [0x00000000d5580000, 0x00000000efd00000, 0x0000000100000000)
  eden space 239616K, 0% used [0x00000000d5580000,0x00000000d5580000,0x00000000e3f80000)
  from space 38912K, 99% used [0x00000000e7d00000,0x00000000ea2f9e40,0x00000000ea300000)
  to   space 62976K, 0% used [0x00000000e3f80000,0x00000000e3f80000,0x00000000e7d00000)
 ParOldGen       total 119296K, used 102243K [0x0000000080000000, 0x0000000087480000, 0x00000000d5580000)
  object space 119296K, 85% used [0x0000000080000000,0x00000000863d8ee0,0x0000000087480000)
 Metaspace       used 90739K, capacity 94460K, committed 94760K, reserved 1132544K
  class space    used 11761K, capacity 12536K, committed 12584K, reserved 1048576K
Event: 80.639 GC heap after
Heap after GC invocations=20 (full 4):
 PSYoungGen      total 278528K, used 5086K [0x00000000d5580000, 0x00000000efd00000, 0x0000000100000000)
  eden space 239616K, 0% used [0x00000000d5580000,0x00000000d5580000,0x00000000e3f80000)
  from space 38912K, 13% used [0x00000000e7d00000,0x00000000e81f78a0,0x00000000ea300000)
  to   space 62976K, 0% used [0x00000000e3f80000,0x00000000e3f80000,0x00000000e7d00000)
 ParOldGen       total 119296K, used 119129K [0x0000000080000000, 0x0000000087480000, 0x00000000d5580000)
  object space 119296K, 99% used [0x0000000080000000,0x0000000087456658,0x0000000087480000)
 Metaspace       used 90668K, capacity 94246K, committed 94760K, reserved 1132544K
  class space    used 11738K, capacity 12495K, committed 12584K, reserved 1048576K
}

Deoptimization events (10 events):
Event: 78.183 Thread 0x0000000025c1e800 Uncommon trap: reason=bimorphic action=maybe_recompile pc=0x0000000002a738dc method=com.google.common.collect.TransformedIterator.hasNext()Z @ 4
Event: 78.184 Thread 0x0000000025c1e800 Uncommon trap: reason=bimorphic action=maybe_recompile pc=0x0000000002a738dc method=com.google.common.collect.TransformedIterator.hasNext()Z @ 4
Event: 78.184 Thread 0x0000000025c1e800 Uncommon trap: reason=bimorphic action=maybe_recompile pc=0x0000000002a738dc method=com.google.common.collect.TransformedIterator.hasNext()Z @ 4
Event: 78.187 Thread 0x000000002046b000 Uncommon trap: reason=unstable_if action=reinterpret pc=0x00000000043dd6bc method=java.nio.file.FileTreeWalker.getAttributes(Ljava/nio/file/Path;Z)Ljava/nio/file/attribute/BasicFileAttributes; @ 35
Event: 78.204 Thread 0x000000002046f800 Uncommon trap: reason=unstable_if action=reinterpret pc=0x00000000045d39a0 method=org.objectweb.asm.ClassReader.readUtf(II[C)Ljava/lang/String; @ 41
Event: 78.212 Thread 0x000000002046b000 Uncommon trap: reason=unstable_if action=reinterpret pc=0x0000000004fb2b90 method=org.objectweb.asm.ClassReader.readUtf(II[C)Ljava/lang/String; @ 41
Event: 78.214 Thread 0x000000002046f000 Uncommon trap: reason=unstable_if action=reinterpret pc=0x0000000004a2bc64 method=org.objectweb.asm.ClassReader.readUtf(II[C)Ljava/lang/String; @ 41
Event: 78.270 Thread 0x000000002046f800 Uncommon trap: reason=unstable_if action=reinterpret pc=0x0000000005027204 method=org.objectweb.asm.ClassReader.<init>([BIZ)V @ 350
Event: 78.657 Thread 0x0000000020473800 Uncommon trap: reason=null_check action=make_not_entrant pc=0x00000000050731ac method=com.android.builder.desugaring.DesugaringClassAnalyzer$Visitor.visitInnerClass(Ljava/lang/String;Ljava/lang/String;Ljava/lang/String;I)V @ 5
Event: 80.652 Thread 0x000000002046b000 Uncommon trap: reason=unstable_if action=reinterpret pc=0x000000000312b564 method=sun.nio.fs.WindowsPath.getPathForWin32Calls()Ljava/lang/String; @ 17

Classes redefined (0 events):
No events

Internal exceptions (10 events):
Event: 76.192 Thread 0x0000000025c1e800 Exception <a 'java/io/FileNotFoundException'> (0x00000000dafce608) thrown at [C:\src\AOSP-openjdk-git\hotspot\src\share\vm\prims\jni.cpp, line 710]
Event: 76.194 Thread 0x0000000025c1e800 Exception <a 'java/io/FileNotFoundException'> (0x00000000dafd8638) thrown at [C:\src\AOSP-openjdk-git\hotspot\src\share\vm\prims\jni.cpp, line 710]
Event: 76.227 Thread 0x0000000025c1e800 Exception <a 'java/io/FileNotFoundException'> (0x00000000dafe56d0) thrown at [C:\src\AOSP-openjdk-git\hotspot\src\share\vm\prims\jni.cpp, line 710]
Event: 76.284 Thread 0x0000000025c1e800 Exception <a 'java/io/FileNotFoundException'> (0x00000000daff6778) thrown at [C:\src\AOSP-openjdk-git\hotspot\src\share\vm\prims\jni.cpp, line 710]
Event: 76.286 Thread 0x0000000025c1e800 Exception <a 'java/io/FileNotFoundException'> (0x00000000db003738) thrown at [C:\src\AOSP-openjdk-git\hotspot\src\share\vm\prims\jni.cpp, line 710]
Event: 76.304 Thread 0x0000000025c1e800 Exception <a 'java/io/FileNotFoundException'> (0x00000000db01a8b0) thrown at [C:\src\AOSP-openjdk-git\hotspot\src\share\vm\prims\jni.cpp, line 710]
Event: 76.529 Thread 0x000000002046f800 Implicit null exception at 0x0000000003ae5e16 to 0x0000000003ae5ee5
Event: 78.184 Thread 0x000000002046b000 Exception <a 'sun/nio/fs/WindowsException'> (0x00000000dc1866e0) thrown at [C:\src\AOSP-openjdk-git\hotspot\src\share\vm\prims\jni.cpp, line 710]
Event: 78.187 Thread 0x0000000020474000 Exception <a 'java/lang/NoSuchMethodError': java.lang.Object.lambda$static$0(Ljava/lang/String;)Z> (0x00000000dc2ddaf8) thrown at [C:\src\AOSP-openjdk-git\hotspot\src\share\vm\interpreter\linkResolver.cpp, line 620]
Event: 78.657 Thread 0x0000000020473800 Implicit null exception at 0x000000000506d316 to 0x0000000005073179

Events (10 events):
Event: 80.667 Executing VM operation: RevokeBias done
Event: 80.669 Executing VM operation: RevokeBias
Event: 80.669 Executing VM operation: RevokeBias done
Event: 80.670 Executing VM operation: RevokeBias
Event: 80.670 Executing VM operation: RevokeBias done
Event: 80.671 Thread 0x00000000196df000 flushing nmethod 0x0000000002a25650
Event: 80.679 Thread 0x00000000196d9800 flushing nmethod 0x0000000002b03e50
Event: 80.680 Thread 0x00000000196d9800 flushing nmethod 0x0000000002b82f10
Event: 80.682 Thread 0x00000000196d9800 flushing nmethod 0x0000000002c24650
Event: 80.706 Thread 0x00000000196ca000 flushing nmethod 0x0000000002e84090


Dynamic libraries:
0x00007ff7ed740000 - 0x00007ff7ed771000 	C:\Program Files\Android\Android Studio1\jre\bin\java.exe
0x00007ffc67be0000 - 0x00007ffc67dd0000 	C:\WINDOWS\SYSTEM32\ntdll.dll
0x00007ffc66620000 - 0x00007ffc666d2000 	C:\WINDOWS\System32\KERNEL32.DLL
0x00007ffc64cf0000 - 0x00007ffc64f94000 	C:\WINDOWS\System32\KERNELBASE.dll
0x00007ffc66fb0000 - 0x00007ffc67053000 	C:\WINDOWS\System32\ADVAPI32.dll
0x00007ffc66750000 - 0x00007ffc667ee000 	C:\WINDOWS\System32\msvcrt.dll
0x00007ffc65c90000 - 0x00007ffc65d27000 	C:\WINDOWS\System32\sechost.dll
0x00007ffc668d0000 - 0x00007ffc669f0000 	C:\WINDOWS\System32\RPCRT4.dll
0x00007ffc66130000 - 0x00007ffc662c4000 	C:\WINDOWS\System32\USER32.dll
0x00007ffc652c0000 - 0x00007ffc652e1000 	C:\WINDOWS\System32\win32u.dll
0x00007ffc668a0000 - 0x00007ffc668c6000 	C:\WINDOWS\System32\GDI32.dll
0x00007ffc65af0000 - 0x00007ffc65c85000 	C:\WINDOWS\System32\gdi32full.dll
0x00007ffc64b70000 - 0x00007ffc64c0e000 	C:\WINDOWS\System32\msvcp_win.dll
0x00007ffc64fa0000 - 0x00007ffc6509a000 	C:\WINDOWS\System32\ucrtbase.dll
0x00007ffc4d2e0000 - 0x00007ffc4d564000 	C:\WINDOWS\WinSxS\amd64_microsoft.windows.common-controls_6595b64144ccf1df_6.0.18362.900_none_e6beb9d913147d17\COMCTL32.dll
0x00007ffc662e0000 - 0x00007ffc66615000 	C:\WINDOWS\System32\combase.dll
0x00007ffc65a70000 - 0x00007ffc65af0000 	C:\WINDOWS\System32\bcryptPrimitives.dll
0x00007ffc65da0000 - 0x00007ffc65dce000 	C:\WINDOWS\System32\IMM32.DLL
0x0000000063ef0000 - 0x0000000063fc2000 	C:\Program Files\Android\Android Studio1\jre\jre\bin\msvcr100.dll
0x0000000064290000 - 0x0000000064adb000 	C:\Program Files\Android\Android Studio1\jre\jre\bin\server\jvm.dll
0x00007ffc67a30000 - 0x00007ffc67a38000 	C:\WINDOWS\System32\PSAPI.DLL
0x00007ffc5dda0000 - 0x00007ffc5ddaa000 	C:\WINDOWS\SYSTEM32\VERSION.dll
0x00007ffc505c0000 - 0x00007ffc505c9000 	C:\WINDOWS\SYSTEM32\WSOCK32.dll
0x00007ffc61e30000 - 0x00007ffc61e54000 	C:\WINDOWS\SYSTEM32\WINMM.dll
0x00007ffc660c0000 - 0x00007ffc6612f000 	C:\WINDOWS\System32\WS2_32.dll
0x00007ffc61b90000 - 0x00007ffc61bbd000 	C:\WINDOWS\SYSTEM32\winmmbase.dll
0x00007ffc64c40000 - 0x00007ffc64c8a000 	C:\WINDOWS\System32\cfgmgr32.dll
0x00007ffc5ffd0000 - 0x00007ffc5ffdf000 	C:\Program Files\Android\Android Studio1\jre\jre\bin\verify.dll
0x00007ffc57d10000 - 0x00007ffc57d39000 	C:\Program Files\Android\Android Studio1\jre\jre\bin\java.dll
0x00007ffc580a0000 - 0x00007ffc580b6000 	C:\Program Files\Android\Android Studio1\jre\jre\bin\zip.dll
0x00007ffc67150000 - 0x00007ffc67836000 	C:\WINDOWS\System32\SHELL32.dll
0x00007ffc67980000 - 0x00007ffc67a29000 	C:\WINDOWS\System32\shcore.dll
0x00007ffc652f0000 - 0x00007ffc65a70000 	C:\WINDOWS\System32\windows.storage.dll
0x00007ffc64ad0000 - 0x00007ffc64af3000 	C:\WINDOWS\System32\profapi.dll
0x00007ffc64b20000 - 0x00007ffc64b6a000 	C:\WINDOWS\System32\powrprof.dll
0x00007ffc64aa0000 - 0x00007ffc64ab0000 	C:\WINDOWS\System32\UMPDC.dll
0x00007ffc66060000 - 0x00007ffc660b2000 	C:\WINDOWS\System32\shlwapi.dll
0x00007ffc64b00000 - 0x00007ffc64b11000 	C:\WINDOWS\System32\kernel.appcore.dll
0x00007ffc652a0000 - 0x00007ffc652b7000 	C:\WINDOWS\System32\cryptsp.dll
0x00007ffc57510000 - 0x00007ffc5752a000 	C:\Program Files\Android\Android Studio1\jre\jre\bin\net.dll
0x00007ffc642b0000 - 0x00007ffc64317000 	C:\WINDOWS\system32\mswsock.dll
0x00007ffc574f0000 - 0x00007ffc57503000 	C:\Program Files\Android\Android Studio1\jre\jre\bin\nio.dll
0x00007ffc61f50000 - 0x00007ffc61f76000 	C:\Users\EMILIO\.gradle\native\31\windows-amd64\native-platform.dll
0x00007ffc5d1b0000 - 0x00007ffc5d1bd000 	C:\Program Files\Android\Android Studio1\jre\jre\bin\management.dll
0x00007ffc63e20000 - 0x00007ffc63e53000 	C:\WINDOWS\system32\rsaenh.dll
0x00007ffc64c10000 - 0x00007ffc64c36000 	C:\WINDOWS\System32\bcrypt.dll
0x00007ffc64990000 - 0x00007ffc649b5000 	C:\WINDOWS\SYSTEM32\USERENV.dll
0x00007ffc64480000 - 0x00007ffc6448c000 	C:\WINDOWS\SYSTEM32\CRYPTBASE.dll
0x00007ffc63fc0000 - 0x00007ffc63ffa000 	C:\WINDOWS\SYSTEM32\IPHLPAPI.DLL
0x00007ffc662d0000 - 0x00007ffc662d8000 	C:\WINDOWS\System32\NSI.dll
0x00007ffc5dd80000 - 0x00007ffc5dd96000 	C:\WINDOWS\SYSTEM32\dhcpcsvc6.DLL
0x00007ffc5e490000 - 0x00007ffc5e4ac000 	C:\WINDOWS\SYSTEM32\dhcpcsvc.DLL
0x00007ffc64000000 - 0x00007ffc640cb000 	C:\WINDOWS\SYSTEM32\DNSAPI.dll
0x00007ffc61f30000 - 0x00007ffc61f4e000 	C:\Users\EMILIO\AppData\Local\Temp\native-platform5128157917610530211dir\native-platform.dll
0x00007ffc569e0000 - 0x00007ffc56a04000 	C:\Program Files\Android\Android Studio1\jre\jre\bin\sunec.dll
0x00007ffc5bea0000 - 0x00007ffc5beab000 	C:\Program Files\Android\Android Studio1\jre\jre\bin\sunmscapi.dll
0x00007ffc65150000 - 0x00007ffc65299000 	C:\WINDOWS\System32\CRYPT32.dll
0x00007ffc64ab0000 - 0x00007ffc64ac2000 	C:\WINDOWS\System32\MSASN1.dll
0x00007ffc5d690000 - 0x00007ffc5d69a000 	C:\Windows\System32\rasadhlp.dll
0x00007ffc5da50000 - 0x00007ffc5dac7000 	C:\WINDOWS\System32\fwpuclnt.dll

VM Arguments:
jvm_args: -Xmx2048m -Dfile.encoding=windows-1252 -Duser.country=PE -Duser.language=es -Duser.variant 
java_command: org.gradle.launcher.daemon.bootstrap.GradleDaemon 6.1.1
java_class_path (initial): C:\Users\EMILIO\.gradle\wrapper\dists\gradle-6.1.1-all\cfmwm155h49vnt3hynmlrsdst\gradle-6.1.1\lib\gradle-launcher-6.1.1.jar
Launcher Type: SUN_STANDARD

Environment Variables:
JAVA_HOME=C:\Program Files\Java\jdk1.8.0_181
USERNAME=EMILIO
OS=Windows_NT
PROCESSOR_IDENTIFIER=Intel64 Family 6 Model 142 Stepping 10, GenuineIntel



---------------  S Y S T E M  ---------------

OS: Windows 10.0 , 64 bit Build 18362 (10.0.18362.900)

CPU:total 8 (initial active 8) (4 cores per cpu, 2 threads per core) family 6 model 142 stepping 10, cmov, cx8, fxsr, mmx, sse, sse2, sse3, ssse3, sse4.1, sse4.2, popcnt, avx, avx2, aes, clmul, erms, 3dnowpref, lzcnt, ht, tsc, tscinvbit, bmi1, bmi2, adx

Memory: 4k page, physical 6171600k(299408k free), swap 25045968k(4632k free)

vm_info: OpenJDK 64-Bit Server VM (25.242-b01) for windows-amd64 JRE (1.8.0_242-release-1644-b01), built by "builder" with MS VC++ 10.0 (VS2010)

time: Wed Jul 08 15:24:42 2020
timezone: Hora est. Pacífico, Sudamérica
elapsed time: 80 seconds (0d 0h 1m 20s)

