#
# There is insufficient memory for the Java Runtime Environment to continue.
# Native memory allocation (malloc) failed to allocate 1312336 bytes for Chunk::new
# Possible reasons:
#   The system is out of physical RAM or swap space
#   The process is running with CompressedOops enabled, and the Java Heap may be blocking the growth of the native heap
# Possible solutions:
#   Reduce memory load on the system
#   Increase physical memory or swap space
#   Check if swap backing store is full
#   Decrease Java heap size (-Xmx/-Xms)
#   Decrease number of Java threads
#   Decrease Java thread stack sizes (-Xss)
#   Set larger code cache with -XX:ReservedCodeCacheSize=
#   JVM is running with Unscaled Compressed Oops mode in which the Java heap is
#     placed in the first 4GB address space. The Java Heap base address is the
#     maximum limit for the native heap growth. Please use -XX:HeapBaseMinAddress
#     to set the Java Heap base and to place the Java Heap above 4GB virtual address.
# This output file may be truncated or incomplete.
#
#  Out of Memory Error (allocation.cpp:389), pid=528, tid=0x0000000000003cd8
#
# JRE version: OpenJDK Runtime Environment (8.0_242-b01) (build 1.8.0_242-release-1644-b01)
# Java VM: OpenJDK 64-Bit Server VM (25.242-b01 mixed mode windows-amd64 compressed oops)
# Failed to write core dump. Minidumps are not enabled by default on client versions of Windows
#

---------------  T H R E A D  ---------------

Current thread (0x0000000018b91000):  JavaThread "C2 CompilerThread0" daemon [_thread_in_native, id=15576, stack(0x0000000019470000,0x0000000019570000)]

Stack: [0x0000000019470000,0x0000000019570000]
[error occurred during error reporting (printing stack bounds), id 0xc0000005]

Native frames: (J=compiled Java code, j=interpreted, Vv=VM code, C=native code)


Current CompileTask:
C2:  11306 12492       4       org.jetbrains.kotlin.load.kotlin.TypeSignatureMappingKt::mapType (910 bytes)


---------------  P R O C E S S  ---------------

Java Threads: ( => current thread )
  0x0000000018c33000 JavaThread "Service Thread" daemon [_thread_blocked, id=5232, stack(0x0000000019870000,0x0000000019970000)]
  0x0000000018b9f000 JavaThread "C1 CompilerThread3" daemon [_thread_in_native, id=2508, stack(0x0000000019770000,0x0000000019870000)]
  0x0000000018b98800 JavaThread "C2 CompilerThread2" daemon [_thread_in_native, id=16272, stack(0x0000000019670000,0x0000000019770000)]
  0x0000000018b95800 JavaThread "C2 CompilerThread1" daemon [_thread_in_vm, id=17768, stack(0x0000000019570000,0x0000000019670000)]
=>0x0000000018b91000 JavaThread "C2 CompilerThread0" daemon [_thread_in_native, id=15576, stack(0x0000000019470000,0x0000000019570000)]
  0x0000000018b90000 JavaThread "Attach Listener" daemon [_thread_blocked, id=6036, stack(0x0000000019370000,0x0000000019470000)]
  0x0000000018b8e800 JavaThread "Signal Dispatcher" daemon [_thread_blocked, id=9456, stack(0x0000000019270000,0x0000000019370000)]
  0x0000000018b71000 JavaThread "Finalizer" daemon [_thread_blocked, id=6160, stack(0x0000000019050000,0x0000000019150000)]
  0x0000000016d81000 JavaThread "Reference Handler" daemon [_thread_blocked, id=20168, stack(0x0000000018f50000,0x0000000019050000)]
  0x0000000002e1d800 JavaThread "main" [_thread_in_Java, id=19376, stack(0x0000000002eb0000,0x0000000002fb0000)]

Other Threads:
  0x0000000016d7b000 VMThread [stack: 0x0000000018a50000,0x0000000018b50000] [id=16924]
  0x0000000018bcb800 WatcherThread [stack: 0x0000000019970000,0x0000000019a70000] [id=2376]

VM state:not at safepoint (normal execution)

VM Mutex/Monitor currently owned by a thread: None

heap address: 0x00000000a1c00000, size: 1508 MB, Compressed Oops mode: 32-bit
Narrow klass base: 0x0000000000000000, Narrow klass shift: 3
Compressed class space size: 1073741824 Address: 0x0000000100000000

Heap:
 PSYoungGen      total 156672K, used 109305K [0x00000000e0980000, 0x00000000edc00000, 0x0000000100000000)
  eden space 126464K, 86% used [0x00000000e0980000,0x00000000e743e6a8,0x00000000e8500000)
  from space 30208K, 0% used [0x00000000e8500000,0x00000000e8500000,0x00000000ea280000)
  to   space 28672K, 0% used [0x00000000ec000000,0x00000000ec000000,0x00000000edc00000)
 ParOldGen       total 79872K, used 59835K [0x00000000a1c00000, 0x00000000a6a00000, 0x00000000e0980000)
  object space 79872K, 74% used [0x00000000a1c00000,0x00000000a566ed20,0x00000000a6a00000)
 Metaspace       used 65367K, capacity 66890K, committed 67120K, reserved 1107968K
  class space    used 7629K, capacity 7982K, committed 7984K, reserved 1048576K

Card table byte_map: [0x0000000012470000,0x0000000012770000] byte_map_base: 0x0000000011f62000

Marking Bits: (ParMarkBitMap*) 0x0000000064a5f030
 Begin Bits: [0x0000000013170000, 0x0000000014900000)
 End Bits:   [0x0000000014900000, 0x0000000016090000)

Polling page: 0x0000000000df0000

CodeCache: size=245760Kb used=39039Kb max_used=39039Kb free=206720Kb
 bounds [0x00000000030b0000, 0x0000000005700000, 0x00000000120b0000]
 total_blobs=11352 nmethods=10821 adapters=442
 compilation: enabled

Compilation events (10 events):
Event: 11.299 Thread 0x0000000018b9f000 12684       3       org.jetbrains.kotlin.codegen.optimization.common.StrictBasicValue::equals (116 bytes)
Event: 11.300 Thread 0x0000000018b9f000 nmethod 12684 0x0000000003e5f090 code [0x0000000003e5f280, 0x0000000003e5fe68]
Event: 11.300 Thread 0x0000000018b9f000 12685       3       org.jetbrains.org.objectweb.asm.Label::put (83 bytes)
Event: 11.300 Thread 0x0000000018b9f000 nmethod 12685 0x000000000466fd50 code [0x000000000466ff20, 0x0000000004670338]
Event: 11.301 Thread 0x0000000018b9f000 12686       1       org.jetbrains.kotlin.metadata.jvm.serialization.JvmStringTable::getStrings (5 bytes)
Event: 11.301 Thread 0x0000000018b9f000 nmethod 12686 0x00000000047b33d0 code [0x00000000047b3520, 0x00000000047b3630]
Event: 11.302 Thread 0x0000000018b95800 nmethod 12648 0x00000000056fce90 code [0x00000000056fd060, 0x00000000056fe758]
Event: 11.302 Thread 0x0000000018b95800 12668       4       java.util.regex.Pattern::split (290 bytes)
Event: 11.303 Thread 0x0000000018b9f000 12687       3       org.jetbrains.kotlin.codegen.SamType::getJavaClassDescriptor (66 bytes)
Event: 11.303 Thread 0x0000000018b9f000 nmethod 12687 0x00000000047b2c90 code [0x00000000047b2e20, 0x00000000047b3288]

GC Heap History (10 events):
Event: 3.485 GC heap before
{Heap before GC invocations=10 (full 2):
 PSYoungGen      total 82944K, used 66560K [0x00000000e0980000, 0x00000000e9500000, 0x0000000100000000)
  eden space 66560K, 100% used [0x00000000e0980000,0x00000000e4a80000,0x00000000e4a80000)
  from space 16384K, 0% used [0x00000000e4a80000,0x00000000e4a80000,0x00000000e5a80000)
  to   space 15872K, 0% used [0x00000000e8580000,0x00000000e8580000,0x00000000e9500000)
 ParOldGen       total 79872K, used 17318K [0x00000000a1c00000, 0x00000000a6a00000, 0x00000000e0980000)
  object space 79872K, 21% used [0x00000000a1c00000,0x00000000a2ce9b50,0x00000000a6a00000)
 Metaspace       used 40947K, capacity 41710K, committed 41904K, reserved 1085440K
  class space    used 5109K, capacity 5282K, committed 5296K, reserved 1048576K
Event: 3.494 GC heap after
Heap after GC invocations=10 (full 2):
 PSYoungGen      total 116736K, used 14023K [0x00000000e0980000, 0x00000000e9380000, 0x0000000100000000)
  eden space 102400K, 0% used [0x00000000e0980000,0x00000000e0980000,0x00000000e6d80000)
  from space 14336K, 97% used [0x00000000e8580000,0x00000000e9331db8,0x00000000e9380000)
  to   space 16896K, 0% used [0x00000000e7280000,0x00000000e7280000,0x00000000e8300000)
 ParOldGen       total 79872K, used 17326K [0x00000000a1c00000, 0x00000000a6a00000, 0x00000000e0980000)
  object space 79872K, 21% used [0x00000000a1c00000,0x00000000a2cebb50,0x00000000a6a00000)
 Metaspace       used 40947K, capacity 41710K, committed 41904K, reserved 1085440K
  class space    used 5109K, capacity 5282K, committed 5296K, reserved 1048576K
}
Event: 4.734 GC heap before
{Heap before GC invocations=11 (full 2):
 PSYoungGen      total 116736K, used 116423K [0x00000000e0980000, 0x00000000e9380000, 0x0000000100000000)
  eden space 102400K, 100% used [0x00000000e0980000,0x00000000e6d80000,0x00000000e6d80000)
  from space 14336K, 97% used [0x00000000e8580000,0x00000000e9331db8,0x00000000e9380000)
  to   space 16896K, 0% used [0x00000000e7280000,0x00000000e7280000,0x00000000e8300000)
 ParOldGen       total 79872K, used 17326K [0x00000000a1c00000, 0x00000000a6a00000, 0x00000000e0980000)
  object space 79872K, 21% used [0x00000000a1c00000,0x00000000a2cebb50,0x00000000a6a00000)
 Metaspace       used 47460K, capacity 48402K, committed 48688K, reserved 1091584K
  class space    used 5879K, capacity 6122K, committed 6192K, reserved 1048576K
Event: 4.752 GC heap after
Heap after GC invocations=11 (full 2):
 PSYoungGen      total 124416K, used 16873K [0x00000000e0980000, 0x00000000eb980000, 0x0000000100000000)
  eden space 107520K, 0% used [0x00000000e0980000,0x00000000e0980000,0x00000000e7280000)
  from space 16896K, 99% used [0x00000000e7280000,0x00000000e82fa620,0x00000000e8300000)
  to   space 23552K, 0% used [0x00000000ea280000,0x00000000ea280000,0x00000000eb980000)
 ParOldGen       total 79872K, used 28681K [0x00000000a1c00000, 0x00000000a6a00000, 0x00000000e0980000)
  object space 79872K, 35% used [0x00000000a1c00000,0x00000000a3802408,0x00000000a6a00000)
 Metaspace       used 47460K, capacity 48402K, committed 48688K, reserved 1091584K
  class space    used 5879K, capacity 6122K, committed 6192K, reserved 1048576K
}
Event: 6.922 GC heap before
{Heap before GC invocations=12 (full 2):
 PSYoungGen      total 124416K, used 124393K [0x00000000e0980000, 0x00000000eb980000, 0x0000000100000000)
  eden space 107520K, 100% used [0x00000000e0980000,0x00000000e7280000,0x00000000e7280000)
  from space 16896K, 99% used [0x00000000e7280000,0x00000000e82fa620,0x00000000e8300000)
  to   space 23552K, 0% used [0x00000000ea280000,0x00000000ea280000,0x00000000eb980000)
 ParOldGen       total 79872K, used 28681K [0x00000000a1c00000, 0x00000000a6a00000, 0x00000000e0980000)
  object space 79872K, 35% used [0x00000000a1c00000,0x00000000a3802408,0x00000000a6a00000)
 Metaspace       used 54950K, capacity 56080K, committed 56240K, reserved 1097728K
  class space    used 6750K, capacity 7033K, committed 7088K, reserved 1048576K
Event: 6.947 GC heap after
Heap after GC invocations=12 (full 2):
 PSYoungGen      total 150016K, used 23540K [0x00000000e0980000, 0x00000000eca80000, 0x0000000100000000)
  eden space 126464K, 0% used [0x00000000e0980000,0x00000000e0980000,0x00000000e8500000)
  from space 23552K, 99% used [0x00000000ea280000,0x00000000eb97d1a8,0x00000000eb980000)
  to   space 30208K, 0% used [0x00000000e8500000,0x00000000e8500000,0x00000000ea280000)
 ParOldGen       total 79872K, used 37741K [0x00000000a1c00000, 0x00000000a6a00000, 0x00000000e0980000)
  object space 79872K, 47% used [0x00000000a1c00000,0x00000000a40db608,0x00000000a6a00000)
 Metaspace       used 54950K, capacity 56080K, committed 56240K, reserved 1097728K
  class space    used 6750K, capacity 7033K, committed 7088K, reserved 1048576K
}
Event: 8.895 GC heap before
{Heap before GC invocations=13 (full 2):
 PSYoungGen      total 150016K, used 136331K [0x00000000e0980000, 0x00000000eca80000, 0x0000000100000000)
  eden space 126464K, 89% used [0x00000000e0980000,0x00000000e77a5df0,0x00000000e8500000)
  from space 23552K, 99% used [0x00000000ea280000,0x00000000eb97d1a8,0x00000000eb980000)
  to   space 30208K, 0% used [0x00000000e8500000,0x00000000e8500000,0x00000000ea280000)
 ParOldGen       total 79872K, used 37741K [0x00000000a1c00000, 0x00000000a6a00000, 0x00000000e0980000)
  object space 79872K, 47% used [0x00000000a1c00000,0x00000000a40db608,0x00000000a6a00000)
 Metaspace       used 57854K, capacity 59010K, committed 59160K, reserved 1101824K
  class space    used 6987K, capacity 7286K, committed 7344K, reserved 1048576K
Event: 8.914 GC heap after
Heap after GC invocations=13 (full 2):
 PSYoungGen      total 156672K, used 12747K [0x00000000e0980000, 0x00000000edc00000, 0x0000000100000000)
  eden space 126464K, 0% used [0x00000000e0980000,0x00000000e0980000,0x00000000e8500000)
  from space 30208K, 42% used [0x00000000e8500000,0x00000000e9172f60,0x00000000ea280000)
  to   space 28672K, 0% used [0x00000000ec000000,0x00000000ec000000,0x00000000edc00000)
 ParOldGen       total 79872K, used 57601K [0x00000000a1c00000, 0x00000000a6a00000, 0x00000000e0980000)
  object space 79872K, 72% used [0x00000000a1c00000,0x00000000a5440690,0x00000000a6a00000)
 Metaspace       used 57854K, capacity 59010K, committed 59160K, reserved 1101824K
  class space    used 6987K, capacity 7286K, committed 7344K, reserved 1048576K
}
Event: 8.914 GC heap before
{Heap before GC invocations=14 (full 3):
 PSYoungGen      total 156672K, used 12747K [0x00000000e0980000, 0x00000000edc00000, 0x0000000100000000)
  eden space 126464K, 0% used [0x00000000e0980000,0x00000000e0980000,0x00000000e8500000)
  from space 30208K, 42% used [0x00000000e8500000,0x00000000e9172f60,0x00000000ea280000)
  to   space 28672K, 0% used [0x00000000ec000000,0x00000000ec000000,0x00000000edc00000)
 ParOldGen       total 79872K, used 57601K [0x00000000a1c00000, 0x00000000a6a00000, 0x00000000e0980000)
  object space 79872K, 72% used [0x00000000a1c00000,0x00000000a5440690,0x00000000a6a00000)
 Metaspace       used 57854K, capacity 59010K, committed 59160K, reserved 1101824K
  class space    used 6987K, capacity 7286K, committed 7344K, reserved 1048576K
Event: 9.246 GC heap after
Heap after GC invocations=14 (full 3):
 PSYoungGen      total 156672K, used 0K [0x00000000e0980000, 0x00000000edc00000, 0x0000000100000000)
  eden space 126464K, 0% used [0x00000000e0980000,0x00000000e0980000,0x00000000e8500000)
  from space 30208K, 0% used [0x00000000e8500000,0x00000000e8500000,0x00000000ea280000)
  to   space 28672K, 0% used [0x00000000ec000000,0x00000000ec000000,0x00000000edc00000)
 ParOldGen       total 79872K, used 59835K [0x00000000a1c00000, 0x00000000a6a00000, 0x00000000e0980000)
  object space 79872K, 74% used [0x00000000a1c00000,0x00000000a566ed20,0x00000000a6a00000)
 Metaspace       used 57854K, capacity 59010K, committed 59160K, reserved 1101824K
  class space    used 6987K, capacity 7286K, committed 7344K, reserved 1048576K
}

Deoptimization events (10 events):
Event: 11.010 Thread 0x0000000002e1d800 Uncommon trap: reason=class_check action=maybe_recompile pc=0x00000000054a3184 method=org.jetbrains.org.objectweb.asm.tree.analysis.SourceInterpreter.merge(Lorg/jetbrains/org/objectweb/asm/tree/analysis/SourceValue;Lorg/jetbrains/org/objectweb/asm/tree/an
Event: 11.010 Thread 0x0000000002e1d800 Uncommon trap: reason=class_check action=maybe_recompile pc=0x00000000054ceb74 method=org.jetbrains.org.objectweb.asm.tree.analysis.SourceInterpreter.merge(Lorg/jetbrains/org/objectweb/asm/tree/analysis/SourceValue;Lorg/jetbrains/org/objectweb/asm/tree/an
Event: 11.010 Thread 0x0000000002e1d800 Uncommon trap: reason=class_check action=maybe_recompile pc=0x0000000003257e0c method=org.jetbrains.kotlin.codegen.optimization.boxing.PopBackwardPropagationTransformer$Transformer.markAsDontTouch(Ljava/util/Collection;)V @ 1
Event: 11.043 Thread 0x0000000002e1d800 Uncommon trap: reason=bimorphic action=maybe_recompile pc=0x00000000048193f4 method=org.jetbrains.kotlin.types.model.TypeSystemContext$DefaultImpls.lowerBoundIfFlexible(Lorg/jetbrains/kotlin/types/model/TypeSystemContext;Lorg/jetbrains/kotlin/types/model/
Event: 11.050 Thread 0x0000000002e1d800 Uncommon trap: reason=bimorphic action=maybe_recompile pc=0x00000000048193f4 method=org.jetbrains.kotlin.types.model.TypeSystemContext$DefaultImpls.lowerBoundIfFlexible(Lorg/jetbrains/kotlin/types/model/TypeSystemContext;Lorg/jetbrains/kotlin/types/model/
Event: 11.054 Thread 0x0000000002e1d800 Uncommon trap: reason=bimorphic action=maybe_recompile pc=0x00000000048193f4 method=org.jetbrains.kotlin.types.model.TypeSystemContext$DefaultImpls.lowerBoundIfFlexible(Lorg/jetbrains/kotlin/types/model/TypeSystemContext;Lorg/jetbrains/kotlin/types/model/
Event: 11.060 Thread 0x0000000002e1d800 Uncommon trap: reason=bimorphic action=maybe_recompile pc=0x00000000048193f4 method=org.jetbrains.kotlin.types.model.TypeSystemContext$DefaultImpls.lowerBoundIfFlexible(Lorg/jetbrains/kotlin/types/model/TypeSystemContext;Lorg/jetbrains/kotlin/types/model/
Event: 11.151 Thread 0x0000000002e1d800 Uncommon trap: reason=unstable_if action=reinterpret pc=0x000000000476fe7c method=org.jetbrains.org.objectweb.asm.tree.analysis.Frame.execute(Lorg/jetbrains/org/objectweb/asm/tree/AbstractInsnNode;Lorg/jetbrains/org/objectweb/asm/tree/analysis/Interpreter
Event: 11.192 Thread 0x0000000002e1d800 Uncommon trap: reason=unstable_if action=reinterpret pc=0x00000000051601a0 method=java.util.HashMap$HashIterator.<init>(Ljava/util/HashMap;)V @ 45
Event: 11.298 Thread 0x0000000002e1d800 Uncommon trap: reason=unstable_if action=reinterpret pc=0x00000000054a2384 method=org.jetbrains.kotlin.codegen.optimization.common.StrictBasicValue.equals(Ljava/lang/Object;)Z @ 54

Classes redefined (0 events):
No events

Internal exceptions (10 events):
Event: 8.471 Thread 0x0000000002e1d800 Implicit null exception at 0x0000000003327aaf to 0x0000000003327b19
Event: 8.476 Thread 0x0000000002e1d800 Implicit null exception at 0x0000000003a8d48c to 0x0000000003a8d4f6
Event: 8.763 Thread 0x0000000002e1d800 Implicit null exception at 0x0000000004996794 to 0x0000000004996a22
Event: 8.765 Thread 0x0000000002e1d800 Implicit null exception at 0x00000000042d2f94 to 0x00000000042d31fe
Event: 9.291 Thread 0x0000000002e1d800 Implicit null exception at 0x0000000003933254 to 0x000000000393342c
Event: 9.429 Thread 0x0000000002e1d800 Implicit null exception at 0x0000000003e83716 to 0x0000000003e83a61
Event: 9.429 Thread 0x0000000002e1d800 Implicit null exception at 0x0000000003c55f95 to 0x0000000003c561a1
Event: 9.512 Thread 0x0000000002e1d800 Exception <a 'java/lang/NoSuchMethodError': java.lang.Object.lambda$static$0(Lorg/jetbrains/kotlin/descriptors/ValueParameterDescriptor;Lorg/jetbrains/kotlin/codegen/ExpressionCodegen;)Lorg/jetbrains/kotlin/codegen/StackValue;> (0x00000000e1cf7358) thrown
Event: 9.762 Thread 0x0000000002e1d800 Exception <a 'java/lang/NoSuchMethodError': java.lang.Object.lambda$static$0(Ljava/lang/String;)Z> (0x00000000e276ba78) thrown at [C:\src\AOSP-openjdk-git\hotspot\src\share\vm\interpreter\linkResolver.cpp, line 620]
Event: 9.763 Thread 0x0000000002e1d800 Exception <a 'java/lang/NoSuchMethodError': java.lang.Object.lambda$static$1(Ljava/lang/String;)Z> (0x00000000e276e140) thrown at [C:\src\AOSP-openjdk-git\hotspot\src\share\vm\interpreter\linkResolver.cpp, line 620]

Events (10 events):
Event: 11.175 loading class org/jetbrains/kotlin/codegen/intrinsics/ToString$toCallable$1
Event: 11.175 loading class org/jetbrains/kotlin/codegen/intrinsics/ToString$toCallable$1 done
Event: 11.192 Thread 0x0000000002e1d800 Uncommon trap: trap_request=0xffffff65 fr.pc=0x00000000051601a0
Event: 11.192 Thread 0x0000000002e1d800 DEOPT PACKING pc=0x00000000051601a0 sp=0x0000000002fad9f0
Event: 11.192 Thread 0x0000000002e1d800 DEOPT UNPACKING pc=0x00000000030f557b sp=0x0000000002fad990 mode 2
Event: 11.232 Executing VM operation: ForceSafepoint
Event: 11.233 Executing VM operation: ForceSafepoint done
Event: 11.298 Thread 0x0000000002e1d800 Uncommon trap: trap_request=0xffffff65 fr.pc=0x00000000054a2384
Event: 11.298 Thread 0x0000000002e1d800 DEOPT PACKING pc=0x00000000054a2384 sp=0x0000000002fac570
Event: 11.298 Thread 0x0000000002e1d800 DEOPT UNPACKING pc=0x00000000030f557b sp=0x0000000002fac530 mode 2


Dynamic libraries:
0x00007ff743f00000 - 0x00007ff743f31000 	C:\Program Files\Android\Android Studio1\jre\jre\bin\java.exe
0x00007ffc67be0000 - 0x00007ffc67dd0000 	C:\WINDOWS\SYSTEM32\ntdll.dll
0x00007ffc66620000 - 0x00007ffc666d2000 	C:\WINDOWS\System32\KERNEL32.DLL
0x00007ffc64cf0000 - 0x00007ffc64f94000 	C:\WINDOWS\System32\KERNELBASE.dll
0x00007ffc66fb0000 - 0x00007ffc67053000 	C:\WINDOWS\System32\ADVAPI32.dll
0x00007ffc66750000 - 0x00007ffc667ee000 	C:\WINDOWS\System32\msvcrt.dll
0x00007ffc65c90000 - 0x00007ffc65d27000 	C:\WINDOWS\System32\sechost.dll
0x00007ffc668d0000 - 0x00007ffc669f0000 	C:\WINDOWS\System32\RPCRT4.dll
0x00007ffc66130000 - 0x00007ffc662c4000 	C:\WINDOWS\System32\USER32.dll
0x00007ffc652c0000 - 0x00007ffc652e1000 	C:\WINDOWS\System32\win32u.dll
0x00007ffc668a0000 - 0x00007ffc668c6000 	C:\WINDOWS\System32\GDI32.dll
0x00007ffc65af0000 - 0x00007ffc65c85000 	C:\WINDOWS\System32\gdi32full.dll
0x00007ffc64b70000 - 0x00007ffc64c0e000 	C:\WINDOWS\System32\msvcp_win.dll
0x00007ffc64fa0000 - 0x00007ffc6509a000 	C:\WINDOWS\System32\ucrtbase.dll
0x00007ffc4d2e0000 - 0x00007ffc4d564000 	C:\WINDOWS\WinSxS\amd64_microsoft.windows.common-controls_6595b64144ccf1df_6.0.18362.900_none_e6beb9d913147d17\COMCTL32.dll
0x00007ffc662e0000 - 0x00007ffc66615000 	C:\WINDOWS\System32\combase.dll
0x00007ffc65a70000 - 0x00007ffc65af0000 	C:\WINDOWS\System32\bcryptPrimitives.dll
0x00007ffc65da0000 - 0x00007ffc65dce000 	C:\WINDOWS\System32\IMM32.DLL
0x0000000063ef0000 - 0x0000000063fc2000 	C:\Program Files\Android\Android Studio1\jre\jre\bin\msvcr100.dll
0x0000000064290000 - 0x0000000064adb000 	C:\Program Files\Android\Android Studio1\jre\jre\bin\server\jvm.dll
0x00007ffc67a30000 - 0x00007ffc67a38000 	C:\WINDOWS\System32\PSAPI.DLL
0x00007ffc5dda0000 - 0x00007ffc5ddaa000 	C:\WINDOWS\SYSTEM32\VERSION.dll
0x00007ffc61e30000 - 0x00007ffc61e54000 	C:\WINDOWS\SYSTEM32\WINMM.dll
0x00007ffc505c0000 - 0x00007ffc505c9000 	C:\WINDOWS\SYSTEM32\WSOCK32.dll
0x00007ffc660c0000 - 0x00007ffc6612f000 	C:\WINDOWS\System32\WS2_32.dll
0x00007ffc61b90000 - 0x00007ffc61bbd000 	C:\WINDOWS\SYSTEM32\winmmbase.dll
0x00007ffc64c40000 - 0x00007ffc64c8a000 	C:\WINDOWS\System32\cfgmgr32.dll
0x00007ffc5ffd0000 - 0x00007ffc5ffdf000 	C:\Program Files\Android\Android Studio1\jre\jre\bin\verify.dll
0x00007ffc57d10000 - 0x00007ffc57d39000 	C:\Program Files\Android\Android Studio1\jre\jre\bin\java.dll
0x00007ffc580a0000 - 0x00007ffc580b6000 	C:\Program Files\Android\Android Studio1\jre\jre\bin\zip.dll
0x00007ffc67150000 - 0x00007ffc67836000 	C:\WINDOWS\System32\SHELL32.dll
0x00007ffc67980000 - 0x00007ffc67a29000 	C:\WINDOWS\System32\shcore.dll
0x00007ffc652f0000 - 0x00007ffc65a70000 	C:\WINDOWS\System32\windows.storage.dll
0x00007ffc64ad0000 - 0x00007ffc64af3000 	C:\WINDOWS\System32\profapi.dll
0x00007ffc64b20000 - 0x00007ffc64b6a000 	C:\WINDOWS\System32\powrprof.dll
0x00007ffc64aa0000 - 0x00007ffc64ab0000 	C:\WINDOWS\System32\UMPDC.dll
0x00007ffc66060000 - 0x00007ffc660b2000 	C:\WINDOWS\System32\shlwapi.dll
0x00007ffc64b00000 - 0x00007ffc64b11000 	C:\WINDOWS\System32\kernel.appcore.dll
0x00007ffc652a0000 - 0x00007ffc652b7000 	C:\WINDOWS\System32\cryptsp.dll
0x00007ffc57510000 - 0x00007ffc5752a000 	C:\Program Files\Android\Android Studio1\jre\jre\bin\net.dll
0x00007ffc642b0000 - 0x00007ffc64317000 	C:\WINDOWS\system32\mswsock.dll
0x00007ffc574f0000 - 0x00007ffc57503000 	C:\Program Files\Android\Android Studio1\jre\jre\bin\nio.dll

VM Arguments:
java_command: org.jetbrains.kotlin.cli.jvm.K2JVMCompiler -Xallow-no-source-files -classpath C:\Users\EMILIO\Desktop\trabajo-final-movil\Asignacion4\app\build\intermediates\compile_and_runtime_not_namespaced_r_class_jar\debug\R.jar;C:\Users\EMILIO\.gradle\caches\transforms-2\files-2.1\d08fad7f290710786262f4b8435bda01\jetified-realm-android-library-6.0.2-api.jar;C:\Users\EMILIO\.gradle\caches\transforms-2\files-2.1\47809e0902c026a6ba307fb5cd43ddce\jetified-realm-annotations-6.0.2.jar;C:\Users\EMILIO\.gradle\caches\transforms-2\files-2.1\a9ec7681c7057d95497df3a749ec20bd\multidex-2.0.0-api.jar;C:\Users\EMILIO\.gradle\caches\transforms-2\files-2.1\9c9735c27b7437ae98bdee722d1dc87f\jetified-firebase-firestore-21.4.3-api.jar;C:\Users\EMILIO\.gradle\caches\transforms-2\files-2.1\9ae01374a1263341f8011bd8951cc6aa\jetified-grpc-protobuf-lite-1.21.0.jar;C:\Users\EMILIO\.gradle\caches\transforms-2\files-2.1\598be77230a649cdbb16bffa094d5469\jetified-grpc-stub-1.21.0.jar;C:\Users\EMILIO\.gradle\caches\transforms-2\files-2.1\19ceda5ea5a274d191dee344afa207af\jetified-grpc-okhttp-1.21.0.jar;C:\Users\EMILIO\.gradle\caches\transforms-2\files-2.1\5b8638616c49f3fb9827b483c8e302b4\jetified-grpc-core-1.21.0.jar;C:\Users\EMILIO\.gradle\caches\transforms-2\files-2.1\3e80a565108becc05820e01f4bbec78e\jetified-grpc-api-1.21.0.jar;C:\Users\EMILIO\.gradle\caches\transforms-2\files-2.1\8190fc92b95549a5342109d7cd6bec5e\jetified-jsr305-3.0.2.jar;C:\Users\EMILIO\.gradle\caches\transforms-2\files-2.1\d0cba265ff7284b9a89f3d795b1ac1dd\jetified-relinker-1.3.0-api.jar;C:\Users\EMILIO\.gradle\caches\transforms-2\files-2.1\2a795e60c893199be598ec7826372717\jetified-kotlin-android-extensions-runtime-1.3.72.jar;C:\Users\EMILIO\.gradle\caches\transforms-2\files-2.1\e44218a7a5957b6e596873a53b40c95c\jetified-core-ktx-1.3.0-api.jar;C:\Users\EMILIO\.gradle\caches\transforms-2\files-2.1\b7c4ac747e0348d59a5bb8506731cb4a\jetified-koin-android-scope-2.1.5-api.jar;C:\Users\EMILIO\.gradle\caches\transforms-2\files-2.1\b
java_class_path (initial): C:\Users\EMILIO\.gradle\caches\modules-2\files-2.1\org.jetbrains.kotlin\kotlin-compiler-embeddable\1.3.72\fb72232c8fa977d5e07d33c43381ddbdc5edab6\kotlin-compiler-embeddable-1.3.72.jar;C:\Users\EMILIO\.gradle\caches\modules-2\files-2.1\org.jetbrains.kotlin\kotlin-reflect\1.3.72\86613e1a669a701b0c660bfd2af4f82a7ae11fca\kotlin-reflect-1.3.72.jar;C:\Users\EMILIO\.gradle\caches\modules-2\files-2.1\org.jetbrains.kotlin\kotlin-stdlib\1.3.72\8032138f12c0180bc4e51fe139d4c52b46db6109\kotlin-stdlib-1.3.72.jar;C:\Users\EMILIO\.gradle\caches\modules-2\files-2.1\org.jetbrains.kotlin\kotlin-script-runtime\1.3.72\657d8d34d91e1964b4439378c09933e840bfe8d5\kotlin-script-runtime-1.3.72.jar;C:\Users\EMILIO\.gradle\caches\modules-2\files-2.1\org.jetbrains.kotlin\kotlin-daemon-embeddable\1.3.72\53bbaa2816dbf6bdb85f629451b1fcc88f2164d2\kotlin-daemon-embeddable-1.3.72.jar;C:\Users\EMILIO\.gradle\caches\modules-2\files-2.1\org.jetbrains.intellij.deps\trove4j\1.0.20181211\216c2e14b070f334479d800987affe4054cd563f\trove4j-1.0.20181211.jar;C:\Users\EMILIO\.gradle\caches\modules-2\files-2.1\org.jetbrains.kotlin\kotlin-stdlib-common\1.3.72\6ca8bee3d88957eaaaef077c41c908c9940492d8\kotlin-stdlib-common-1.3.72.jar;C:\Users\EMILIO\.gradle\caches\modules-2\files-2.1\org.jetbrains\annotations\13.0\919f0dfe192fb4e063e7dacadee7f8bb9a2672a9\annotations-13.0.jar;C:\Program Files\Android\Android Studio1\jre\lib\tools.jar
Launcher Type: SUN_STANDARD

Environment Variables:
JAVA_HOME=C:\Program Files\Java\jdk1.8.0_181
USERNAME=EMILIO
OS=Windows_NT
PROCESSOR_IDENTIFIER=Intel64 Family 6 Model 142 Stepping 10, GenuineIntel



---------------  S Y S T E M  ---------------

OS: Windows 10.0 , 64 bit Build 18362 (10.0.18362.900)

CPU:total 8 (initial active 8) (4 cores per cpu, 2 threads per core) family 6 model 142 stepping 10, cmov, cx8, fxsr, mmx, sse, sse2, sse3, ssse3, sse4.1, sse4.2, popcnt, avx, avx2, aes, clmul, erms, 3dnowpref, lzcnt, ht, tsc, tscinvbit, bmi1, bmi2, adx

Memory: 4k page, physical 6171600k(626476k free), swap 25045968k(6384k free)

vm_info: OpenJDK 64-Bit Server VM (25.242-b01) for windows-amd64 JRE (1.8.0_242-release-1644-b01), built by "builder" with MS VC++ 10.0 (VS2010)

time: Wed Jul 08 15:46:35 2020
timezone: Hora est. Pacífico, Sudamérica
elapsed time: 11 seconds (0d 0h 0m 11s)

